#
# There is insufficient memory for the Java Runtime Environment to continue.
# Native memory allocation (mmap) failed to map 185597952 bytes for Failed to commit area from 0x0000000092b00000 to 0x000000009dc00000 of length 185597952.
# Possible reasons:
#   The system is out of physical RAM or swap space
#   The process is running with CompressedOops enabled, and the Java Heap may be blocking the growth of the native heap
# Possible solutions:
#   Reduce memory load on the system
#   Increase physical memory or swap space
#   Check if swap backing store is full
#   Decrease Java heap size (-Xmx/-Xms)
#   Decrease number of Java threads
#   Decrease Java thread stack sizes (-Xss)
#   Set larger code cache with -XX:ReservedCodeCacheSize=
#   JVM is running with Unscaled Compressed Oops mode in which the Java heap is
#     placed in the first 4GB address space. The Java Heap base address is the
#     maximum limit for the native heap growth. Please use -XX:HeapBaseMinAddress
#     to set the Java Heap base and to place the Java Heap above 4GB virtual address.
# This output file may be truncated or incomplete.
#
#  Out of Memory Error (./src/hotspot/os/windows/os_windows.cpp:3303), pid=3864, tid=4836
#
# JRE version: OpenJDK Runtime Environment (11.0.8+10) (build 11.0.8+10-b944.6842174)
# Java VM: OpenJDK 64-Bit Server VM (11.0.8+10-b944.6842174, mixed mode, tiered, compressed oops, g1 gc, windows-amd64)
# No core dump will be written. Minidumps are not enabled by default on client versions of Windows
#

---------------  S U M M A R Y ------------

Command Line: --add-opens=java.base/java.util=ALL-UNNAMED --add-opens=java.base/java.lang=ALL-UNNAMED --add-opens=java.base/java.lang.invoke=ALL-UNNAMED --add-opens=java.prefs/java.util.prefs=ALL-UNNAMED -Xmx2048m -Dfile.encoding=UTF-8 -Duser.country=US -Duser.language=en -Duser.variant org.gradle.launcher.daemon.bootstrap.GradleDaemon 6.7.1

Host: Intel(R) Core(TM) i3-7020U CPU @ 2.30GHz, 4 cores, 3G,  Windows 10 , 64 bit Build 19041 (10.0.19041.1348)
Time: Fri Dec 24 14:48:17 2021 SE Asia Standard Time elapsed time: 3694 seconds (0d 1h 1m 34s)

---------------  T H R E A D  ---------------

Current thread (0x000002457e742000):  VMThread "VM Thread" [stack: 0x000000975f500000,0x000000975f600000] [id=4836]

Stack: [0x000000975f500000,0x000000975f600000]
[error occurred during error reporting (printing stack bounds), id 0xc0000005, EXCEPTION_ACCESS_VIOLATION (0xc0000005) at pc=0x0000024567f60dad]

Native frames: (J=compiled Java code, j=interpreted, Vv=VM code, C=native code)
V  [jvm.dll+0x5de50a]
V  [jvm.dll+0x7122f5]
V  [jvm.dll+0x71384d]
V  [jvm.dll+0x713e65]
V  [jvm.dll+0x713e1b]
V  [jvm.dll+0x5dd958]
V  [jvm.dll+0x5de0f8]
C  [ntdll.dll+0xa20cf]
C  [ntdll.dll+0x51454]
C  [ntdll.dll+0xa0bfe]
C  0x0000024567f60dad

VM_Operation (0x0000009761afe2c0): G1CollectForAllocation, mode: safepoint, requested by thread 0x000002450352d000


---------------  P R O C E S S  ---------------

Threads class SMR info:
_java_thread_list=0x0000024503aa8a30, length=51, elements={
0x00000245645da800, 0x000002457e748800, 0x000002457e756800, 0x000002457e7a1800,
0x000002457e7a3000, 0x000002457e7a7000, 0x000002457e7ab800, 0x000002457e7b1800,
0x000002457f20e000, 0x000002457f219000, 0x0000024500b79000, 0x0000024500838800,
0x0000024500b6a000, 0x0000024500e9a000, 0x0000024500e9c000, 0x0000024500e99800,
0x00000245021c9000, 0x00000245021c8800, 0x000002457fc90800, 0x000002457fc81800,
0x000002457fc88000, 0x000002457fc82800, 0x000002457fc85800, 0x000002457fc86800,
0x000002457fc89000, 0x000002457fc85000, 0x000002457fc83000, 0x000002457fc89800,
0x000002457fc84000, 0x000002457fc8e000, 0x000002457fc8d000, 0x000002457fc8f800,
0x000002457fc8e800, 0x000002457fc8c000, 0x000002450353b000, 0x0000024503539800,
0x000002450353a000, 0x00000245030a5000, 0x00000245030a6000, 0x00000245030a4800,
0x00000245030a0800, 0x00000245030a7000, 0x00000245030a7800, 0x00000245030a8800,
0x00000245030a3000, 0x00000245030a3800, 0x00000245030ab000, 0x0000024503533000,
0x000002450352d000, 0x0000024503530800, 0x000002450352f000
}

Java Threads: ( => current thread )
  0x00000245645da800 JavaThread "main" [_thread_blocked, id=15284, stack(0x000000975ef00000,0x000000975f000000)]
  0x000002457e748800 JavaThread "Reference Handler" daemon [_thread_blocked, id=776, stack(0x000000975f600000,0x000000975f700000)]
  0x000002457e756800 JavaThread "Finalizer" daemon [_thread_blocked, id=12516, stack(0x000000975f700000,0x000000975f800000)]
  0x000002457e7a1800 JavaThread "Signal Dispatcher" daemon [_thread_blocked, id=7872, stack(0x000000975f800000,0x000000975f900000)]
  0x000002457e7a3000 JavaThread "Attach Listener" daemon [_thread_blocked, id=7964, stack(0x000000975f900000,0x000000975fa00000)]
  0x000002457e7a7000 JavaThread "C2 CompilerThread0" daemon [_thread_blocked, id=16596, stack(0x000000975fa00000,0x000000975fb00000)]
  0x000002457e7ab800 JavaThread "C1 CompilerThread0" daemon [_thread_blocked, id=6172, stack(0x000000975fb00000,0x000000975fc00000)]
  0x000002457e7b1800 JavaThread "Sweeper thread" daemon [_thread_blocked, id=18340, stack(0x000000975fc00000,0x000000975fd00000)]
  0x000002457f20e000 JavaThread "Common-Cleaner" daemon [_thread_blocked, id=3228, stack(0x000000975fd00000,0x000000975fe00000)]
  0x000002457f219000 JavaThread "Service Thread" daemon [_thread_blocked, id=3672, stack(0x000000975fe00000,0x000000975ff00000)]
  0x0000024500b79000 JavaThread "Daemon health stats" [_thread_blocked, id=10684, stack(0x0000009760100000,0x0000009760200000)]
  0x0000024500838800 JavaThread "Incoming local TCP Connector on port 49754" [_thread_in_native, id=2652, stack(0x0000009760600000,0x0000009760700000)]
  0x0000024500b6a000 JavaThread "Daemon periodic checks" [_thread_blocked, id=17344, stack(0x0000009760700000,0x0000009760800000)]
  0x0000024500e9a000 JavaThread "Cache worker for file hash cache (C:\Users\VuThiLanh\.gradle\caches\6.7.1\fileHashes)" [_thread_blocked, id=9644, stack(0x0000009760f00000,0x0000009761000000)]
  0x0000024500e9c000 JavaThread "File lock request listener" [_thread_in_native, id=6632, stack(0x0000009761000000,0x0000009761100000)]
  0x0000024500e99800 JavaThread "Cache worker for journal cache (C:\Users\VuThiLanh\.gradle\caches\journal-1)" [_thread_blocked, id=9396, stack(0x0000009761100000,0x0000009761200000)]
  0x00000245021c9000 JavaThread "Cache worker for execution history cache (C:\Users\VuThiLanh\.gradle\caches\6.7.1\executionHistory)" [_thread_blocked, id=7312, stack(0x0000009762b00000,0x0000009762c00000)]
  0x00000245021c8800 JavaThread "Cache worker for file content cache (C:\Users\VuThiLanh\.gradle\caches\6.7.1\fileContent)" [_thread_blocked, id=15400, stack(0x0000009762c00000,0x0000009762d00000)]
  0x000002457fc90800 JavaThread "Memory manager" [_thread_blocked, id=14448, stack(0x0000009767e00000,0x0000009767f00000)]
  0x000002457fc81800 JavaThread "Daemon Thread 2" [_thread_blocked, id=16208, stack(0x0000009760400000,0x0000009760500000)]
  0x000002457fc88000 JavaThread "Handler for socket connection from /127.0.0.1:49754 to /127.0.0.1:49342" [_thread_in_native, id=19004, stack(0x0000009760500000,0x0000009760600000)]
  0x000002457fc82800 JavaThread "Cancel handler" [_thread_blocked, id=16348, stack(0x0000009760800000,0x0000009760900000)]
  0x000002457fc85800 JavaThread "Daemon worker Thread 2" [_thread_blocked, id=7424, stack(0x0000009760900000,0x0000009760a00000)]
  0x000002457fc86800 JavaThread "Asynchronous log dispatcher for DefaultDaemonConnection: socket connection from /127.0.0.1:49754 to /127.0.0.1:49342" [_thread_blocked, id=14116, stack(0x0000009760a00000,0x0000009760b00000)]
  0x000002457fc89000 JavaThread "Thread-130" [_thread_blocked, id=10264, stack(0x0000009760c00000,0x0000009760d00000)]
  0x000002457fc85000 JavaThread "Cache worker for file hash cache (E:\OMT\Project_Day1\.gradle\6.7.1\fileHashes)" [_thread_blocked, id=17308, stack(0x0000009760d00000,0x0000009760e00000)]
  0x000002457fc83000 JavaThread "Cache worker for checksums cache (E:\OMT\Project_Day1\.gradle\checksums)" [_thread_blocked, id=18256, stack(0x0000009760e00000,0x0000009760f00000)]
  0x000002457fc89800 JavaThread "Cache worker for cache directory md-supplier (C:\Users\VuThiLanh\.gradle\caches\6.7.1\md-supplier)" [_thread_blocked, id=2032, stack(0x0000009761200000,0x0000009761300000)]
  0x000002457fc84000 JavaThread "Cache worker for cache directory md-rule (C:\Users\VuThiLanh\.gradle\caches\6.7.1\md-rule)" [_thread_blocked, id=780, stack(0x0000009761300000,0x0000009761400000)]
  0x000002457fc8e000 JavaThread "Cache worker for Build Output Cleanup Cache (E:\OMT\Project_Day1\.gradle\buildOutputCleanup)" [_thread_blocked, id=6460, stack(0x0000009761400000,0x0000009761500000)]
  0x000002457fc8d000 JavaThread "Build operations" [_thread_blocked, id=1944, stack(0x0000009761500000,0x0000009761600000)]
  0x000002457fc8f800 JavaThread "Build operations Thread 2" [_thread_blocked, id=8968, stack(0x0000009761600000,0x0000009761700000)]
  0x000002457fc8e800 JavaThread "Build operations Thread 3" [_thread_blocked, id=11440, stack(0x0000009761700000,0x0000009761800000)]
  0x000002457fc8c000 JavaThread "Build operations Thread 4" [_thread_blocked, id=10396, stack(0x0000009761800000,0x0000009761900000)]
  0x000002450353b000 JavaThread "build event listener" [_thread_blocked, id=18104, stack(0x0000009767c00000,0x0000009767d00000)]
  0x0000024503539800 JavaThread "build event listener" [_thread_blocked, id=10656, stack(0x0000009767d00000,0x0000009767e00000)]
  0x000002450353a000 JavaThread "Execution worker for ':'" [_thread_blocked, id=13688, stack(0x0000009767f00000,0x0000009768000000)]
  0x00000245030a5000 JavaThread "Execution worker for ':' Thread 2" [_thread_blocked, id=14332, stack(0x0000009768000000,0x0000009768100000)]
  0x00000245030a6000 JavaThread "Execution worker for ':' Thread 3" [_thread_blocked, id=2004, stack(0x0000009768100000,0x0000009768200000)]
  0x00000245030a4800 JavaThread "Cache worker for execution history cache (E:\OMT\Project_Day1\.gradle\6.7.1\executionHistory)" [_thread_blocked, id=13416, stack(0x0000009768200000,0x0000009768300000)]
  0x00000245030a0800 JavaThread "WorkerExecutor Queue" [_thread_blocked, id=908, stack(0x0000009768300000,0x0000009768400000)]
  0x00000245030a7000 JavaThread "WorkerExecutor Queue Thread 4" [_thread_blocked, id=700, stack(0x0000009768600000,0x0000009768700000)]
  0x00000245030a7800 JavaThread "pool-7-thread-1" [_thread_blocked, id=13268, stack(0x0000009768700000,0x0000009768800000)]
  0x00000245030a8800 JavaThread "stderr" [_thread_in_native, id=17540, stack(0x0000009768800000,0x0000009768900000)]
  0x00000245030a3000 JavaThread "stdout" [_thread_in_native, id=10156, stack(0x0000009768900000,0x0000009768a00000)]
  0x00000245030a3800 JavaThread "Cache worker for Java compile cache (C:\Users\VuThiLanh\.gradle\caches\6.7.1\javaCompile)" [_thread_blocked, id=19188, stack(0x0000009760b00000,0x0000009760c00000)]
  0x00000245030ab000 JavaThread "Cache worker for Java compile cache (E:\OMT\Project_Day1\.gradle\6.7.1\javaCompile)" [_thread_blocked, id=3332, stack(0x0000009768a00000,0x0000009768b00000)]
  0x0000024503533000 JavaThread "ForkJoinPool-2-worker-3" daemon [_thread_blocked, id=10472, stack(0x0000009761900000,0x0000009761a00000)]
  0x000002450352d000 JavaThread "ForkJoinPool-2-worker-5" daemon [_thread_blocked, id=4860, stack(0x0000009761a00000,0x0000009761b00000)]
  0x0000024503530800 JavaThread "ForkJoinPool-2-worker-7" daemon [_thread_blocked, id=12724, stack(0x0000009761b00000,0x0000009761c00000)]
  0x000002450352f000 JavaThread "ForkJoinPool-2-worker-1" daemon [_thread_blocked, id=4160, stack(0x0000009761c00000,0x0000009761d00000)]

Other Threads:
=>0x000002457e742000 VMThread "VM Thread" [stack: 0x000000975f500000,0x000000975f600000] [id=4836]
  0x000002457f23a800 WatcherThread [stack: 0x000000975ff00000,0x0000009760000000] [id=7700]
  0x00000245645f4800 GCTaskThread "GC Thread#0" [stack: 0x000000975f000000,0x000000975f100000] [id=16960]
  0x000002457fa61000 GCTaskThread "GC Thread#1" [stack: 0x0000009760000000,0x0000009760100000] [id=18896]
  0x0000024500043000 GCTaskThread "GC Thread#2" [stack: 0x0000009760200000,0x0000009760300000] [id=17248]
  0x000002450086d000 GCTaskThread "GC Thread#3" [stack: 0x0000009760300000,0x0000009760400000] [id=5012]
  0x0000024564624800 ConcurrentGCThread "G1 Main Marker" [stack: 0x000000975f100000,0x000000975f200000] [id=13652]
  0x0000024564628000 ConcurrentGCThread "G1 Conc#0" [stack: 0x000000975f200000,0x000000975f300000] [id=5036]
  0x0000024564680000 ConcurrentGCThread "G1 Refine#0" [stack: 0x000000975f300000,0x000000975f400000] [id=7764]
  0x000002450795f000 ConcurrentGCThread "G1 Refine#1" [stack: 0x000000975ec00000,0x000000975ed00000] [id=2496]
  0x00000245021c4800 ConcurrentGCThread "G1 Refine#2" [stack: 0x000000975ed00000,0x000000975ee00000] [id=10916]
  0x0000024508184000 ConcurrentGCThread "G1 Refine#3" [stack: 0x000000975ee00000,0x000000975ef00000] [id=17780]
  0x0000024564681000 ConcurrentGCThread "G1 Young RemSet Sampling" [stack: 0x000000975f400000,0x000000975f500000] [id=14632]

Threads with active compile tasks:
C2 CompilerThread03694594 18059       4       com.android.tools.r8.code.x1::a (4137 bytes)

VM state:at safepoint (normal execution)

VM Mutex/Monitor currently owned by a thread:  ([mutex/lock_event])
[0x00000245645d65d0] Threads_lock - owner thread: 0x000002457e742000
[0x00000245645d7470] Heap_lock - owner thread: 0x000002450352d000

Heap address: 0x0000000080000000, size: 2048 MB, Compressed Oops mode: 32-bit
Narrow klass base: 0x0000000000000000, Narrow klass shift: 3
Compressed class space size: 1073741824 Address: 0x0000000100000000

Heap:
 garbage-first heap   total 487424K, used 175700K [0x0000000080000000, 0x0000000100000000)
  region size 1024K, 2 young (2048K), 2 survivors (2048K)
 Metaspace       used 129634K, capacity 132518K, committed 132936K, reserved 1165312K
  class space    used 16198K, capacity 17261K, committed 17408K, reserved 1048576K
Heap Regions: E=young(eden), S=young(survivor), O=old, HS=humongous(starts), HC=humongous(continues), CS=collection set, F=free, A=archive, TAMS=top-at-mark-start (previous, next)
|   0|0x0000000080000000, 0x0000000080100000, 0x0000000080100000|100%| O|  |TAMS 0x0000000080100000, 0x0000000080000000| Untracked 
|   1|0x0000000080100000, 0x0000000080200000, 0x0000000080200000|100%| O|  |TAMS 0x0000000080200000, 0x0000000080100000| Complete 
|   2|0x0000000080200000, 0x0000000080300000, 0x0000000080300000|100%| O|  |TAMS 0x0000000080300000, 0x0000000080200000| Untracked 
|   3|0x0000000080300000, 0x0000000080400000, 0x0000000080400000|100%|HS|  |TAMS 0x0000000080400000, 0x0000000080300000| Complete 
|   4|0x0000000080400000, 0x0000000080500000, 0x0000000080500000|100%|HC|  |TAMS 0x0000000080500000, 0x0000000080400000| Complete 
|   5|0x0000000080500000, 0x0000000080600000, 0x0000000080600000|100%|HC|  |TAMS 0x0000000080600000, 0x0000000080500000| Complete 
|   6|0x0000000080600000, 0x0000000080700000, 0x0000000080700000|100%| O|  |TAMS 0x0000000080700000, 0x0000000080600000| Untracked 
|   7|0x0000000080700000, 0x0000000080800000, 0x0000000080800000|100%| O|  |TAMS 0x0000000080800000, 0x0000000080700000| Untracked 
|   8|0x0000000080800000, 0x0000000080900000, 0x0000000080900000|100%| O|  |TAMS 0x0000000080900000, 0x0000000080800000| Complete 
|   9|0x0000000080900000, 0x0000000080a00000, 0x0000000080a00000|100%| O|  |TAMS 0x0000000080a00000, 0x0000000080900000| Untracked 
|  10|0x0000000080a00000, 0x0000000080b00000, 0x0000000080b00000|100%| O|  |TAMS 0x0000000080b00000, 0x0000000080a00000| Untracked 
|  11|0x0000000080b00000, 0x0000000080c00000, 0x0000000080c00000|100%| O|  |TAMS 0x0000000080c00000, 0x0000000080b00000| Untracked 
|  12|0x0000000080c00000, 0x0000000080d00000, 0x0000000080d00000|100%| O|  |TAMS 0x0000000080d00000, 0x0000000080c00000| Untracked 
|  13|0x0000000080d00000, 0x0000000080e00000, 0x0000000080e00000|100%| O|  |TAMS 0x0000000080e00000, 0x0000000080d00000| Complete 
|  14|0x0000000080e00000, 0x0000000080f00000, 0x0000000080f00000|100%| O|  |TAMS 0x0000000080f00000, 0x0000000080e00000| Complete 
|  15|0x0000000080f00000, 0x0000000081000000, 0x0000000081000000|100%| O|  |TAMS 0x0000000081000000, 0x0000000080f00000| Untracked 
|  16|0x0000000081000000, 0x0000000081100000, 0x0000000081100000|100%|HS|  |TAMS 0x0000000081100000, 0x0000000081000000| Complete 
|  17|0x0000000081100000, 0x0000000081200000, 0x0000000081200000|100%|HC|  |TAMS 0x0000000081200000, 0x0000000081100000| Complete 
|  18|0x0000000081200000, 0x0000000081300000, 0x0000000081300000|100%|HS|  |TAMS 0x0000000081300000, 0x0000000081200000| Complete 
|  19|0x0000000081300000, 0x0000000081400000, 0x0000000081400000|100%|HC|  |TAMS 0x0000000081400000, 0x0000000081300000| Complete 
|  20|0x0000000081400000, 0x0000000081500000, 0x0000000081500000|100%|HC|  |TAMS 0x0000000081500000, 0x0000000081400000| Complete 
|  21|0x0000000081500000, 0x0000000081600000, 0x0000000081600000|100%|HS|  |TAMS 0x0000000081600000, 0x0000000081500000| Complete 
|  22|0x0000000081600000, 0x0000000081700000, 0x0000000081700000|100%|HC|  |TAMS 0x0000000081700000, 0x0000000081600000| Complete 
|  23|0x0000000081700000, 0x0000000081800000, 0x0000000081800000|100%|HC|  |TAMS 0x0000000081800000, 0x0000000081700000| Complete 
|  24|0x0000000081800000, 0x0000000081900000, 0x0000000081900000|100%|HC|  |TAMS 0x0000000081900000, 0x0000000081800000| Complete 
|  25|0x0000000081900000, 0x0000000081a00000, 0x0000000081a00000|100%| O|  |TAMS 0x0000000081a00000, 0x0000000081900000| Complete 
|  26|0x0000000081a00000, 0x0000000081b00000, 0x0000000081b00000|100%| O|  |TAMS 0x0000000081b00000, 0x0000000081a00000| Untracked 
|  27|0x0000000081b00000, 0x0000000081c00000, 0x0000000081c00000|100%| O|  |TAMS 0x0000000081c00000, 0x0000000081b00000| Untracked 
|  28|0x0000000081c00000, 0x0000000081d00000, 0x0000000081d00000|100%| O|  |TAMS 0x0000000081d00000, 0x0000000081c00000| Complete 
|  29|0x0000000081d00000, 0x0000000081e00000, 0x0000000081e00000|100%| O|  |TAMS 0x0000000081e00000, 0x0000000081d00000| Complete 
|  30|0x0000000081e00000, 0x0000000081f00000, 0x0000000081f00000|100%| O|  |TAMS 0x0000000081f00000, 0x0000000081e00000| Complete 
|  31|0x0000000081f00000, 0x0000000082000000, 0x0000000082000000|100%| O|  |TAMS 0x0000000082000000, 0x0000000081f00000| Complete 
|  32|0x0000000082000000, 0x0000000082100000, 0x0000000082100000|100%| O|  |TAMS 0x0000000082100000, 0x0000000082000000| Complete 
|  33|0x0000000082100000, 0x0000000082200000, 0x0000000082200000|100%|HS|  |TAMS 0x0000000082200000, 0x0000000082100000| Complete 
|  34|0x0000000082200000, 0x0000000082300000, 0x0000000082300000|100%|HC|  |TAMS 0x0000000082300000, 0x0000000082200000| Complete 
|  35|0x0000000082300000, 0x0000000082400000, 0x0000000082400000|100%|HC|  |TAMS 0x0000000082400000, 0x0000000082300000| Complete 
|  36|0x0000000082400000, 0x0000000082500000, 0x0000000082500000|100%|HC|  |TAMS 0x0000000082500000, 0x0000000082400000| Complete 
|  37|0x0000000082500000, 0x0000000082600000, 0x0000000082600000|100%| O|  |TAMS 0x0000000082600000, 0x0000000082500000| Complete 
|  38|0x0000000082600000, 0x0000000082700000, 0x0000000082700000|100%|HS|  |TAMS 0x0000000082700000, 0x0000000082600000| Complete 
|  39|0x0000000082700000, 0x0000000082800000, 0x0000000082800000|100%|HC|  |TAMS 0x0000000082800000, 0x0000000082700000| Complete 
|  40|0x0000000082800000, 0x0000000082900000, 0x0000000082900000|100%|HC|  |TAMS 0x0000000082900000, 0x0000000082800000| Complete 
|  41|0x0000000082900000, 0x0000000082a00000, 0x0000000082a00000|100%| O|  |TAMS 0x0000000082a00000, 0x0000000082900000| Complete 
|  42|0x0000000082a00000, 0x0000000082b00000, 0x0000000082b00000|100%| O|  |TAMS 0x0000000082b00000, 0x0000000082a00000| Complete 
|  43|0x0000000082b00000, 0x0000000082c00000, 0x0000000082c00000|100%| O|  |TAMS 0x0000000082c00000, 0x0000000082b00000| Complete 
|  44|0x0000000082c00000, 0x0000000082d00000, 0x0000000082d00000|100%| O|  |TAMS 0x0000000082d00000, 0x0000000082c00000| Untracked 
|  45|0x0000000082d00000, 0x0000000082e00000, 0x0000000082e00000|100%| O|  |TAMS 0x0000000082e00000, 0x0000000082d00000| Complete 
|  46|0x0000000082e00000, 0x0000000082f00000, 0x0000000082f00000|100%| O|  |TAMS 0x0000000082f00000, 0x0000000082e00000| Complete 
|  47|0x0000000082f00000, 0x0000000083000000, 0x0000000083000000|100%| O|  |TAMS 0x0000000083000000, 0x0000000082f00000| Complete 
|  48|0x0000000083000000, 0x0000000083100000, 0x0000000083100000|100%| O|  |TAMS 0x0000000083100000, 0x0000000083000000| Complete 
|  49|0x0000000083100000, 0x0000000083200000, 0x0000000083200000|100%| O|  |TAMS 0x0000000083200000, 0x0000000083100000| Complete 
|  50|0x0000000083200000, 0x0000000083300000, 0x0000000083300000|100%| O|  |TAMS 0x0000000083300000, 0x0000000083200000| Complete 
|  51|0x0000000083300000, 0x0000000083400000, 0x0000000083400000|100%|HS|  |TAMS 0x0000000083400000, 0x0000000083300000| Complete 
|  52|0x0000000083400000, 0x0000000083500000, 0x0000000083500000|100%| O|  |TAMS 0x0000000083500000, 0x0000000083400000| Untracked 
|  53|0x0000000083500000, 0x0000000083600000, 0x0000000083600000|100%| O|  |TAMS 0x0000000083600000, 0x0000000083500000| Untracked 
|  54|0x0000000083600000, 0x0000000083700000, 0x0000000083700000|100%| O|  |TAMS 0x0000000083700000, 0x0000000083600000| Untracked 
|  55|0x0000000083700000, 0x0000000083800000, 0x0000000083800000|100%|HS|  |TAMS 0x0000000083800000, 0x0000000083700000| Complete 
|  56|0x0000000083800000, 0x0000000083900000, 0x0000000083900000|100%|HC|  |TAMS 0x0000000083900000, 0x0000000083800000| Complete 
|  57|0x0000000083900000, 0x0000000083a00000, 0x0000000083a00000|100%| O|  |TAMS 0x0000000083a00000, 0x0000000083900000| Untracked 
|  58|0x0000000083a00000, 0x0000000083b00000, 0x0000000083b00000|100%| O|  |TAMS 0x0000000083b00000, 0x0000000083a00000| Untracked 
|  59|0x0000000083b00000, 0x0000000083c00000, 0x0000000083c00000|100%| O|  |TAMS 0x0000000083c00000, 0x0000000083b00000| Complete 
|  60|0x0000000083c00000, 0x0000000083d00000, 0x0000000083d00000|100%| O|  |TAMS 0x0000000083d00000, 0x0000000083c00000| Complete 
|  61|0x0000000083d00000, 0x0000000083e00000, 0x0000000083e00000|100%| O|  |TAMS 0x0000000083e00000, 0x0000000083d00000| Untracked 
|  62|0x0000000083e00000, 0x0000000083f00000, 0x0000000083f00000|100%| O|  |TAMS 0x0000000083f00000, 0x0000000083e00000| Complete 
|  63|0x0000000083f00000, 0x0000000084000000, 0x0000000084000000|100%| O|  |TAMS 0x0000000084000000, 0x0000000083f00000| Complete 
|  64|0x0000000084000000, 0x0000000084100000, 0x0000000084100000|100%| O|  |TAMS 0x0000000084100000, 0x0000000084000000| Untracked 
|  65|0x0000000084100000, 0x0000000084200000, 0x0000000084200000|100%| O|  |TAMS 0x0000000084200000, 0x0000000084100000| Complete 
|  66|0x0000000084200000, 0x0000000084300000, 0x0000000084300000|100%| O|  |TAMS 0x0000000084300000, 0x0000000084200000| Complete 
|  67|0x0000000084300000, 0x0000000084400000, 0x0000000084400000|100%| O|  |TAMS 0x0000000084400000, 0x0000000084300000| Complete 
|  68|0x0000000084400000, 0x0000000084500000, 0x0000000084500000|100%| O|  |TAMS 0x0000000084500000, 0x0000000084400000| Complete 
|  69|0x0000000084500000, 0x0000000084600000, 0x0000000084600000|100%| O|  |TAMS 0x0000000084600000, 0x0000000084500000| Complete 
|  70|0x0000000084600000, 0x0000000084700000, 0x0000000084700000|100%| O|  |TAMS 0x0000000084700000, 0x0000000084600000| Untracked 
|  71|0x0000000084700000, 0x0000000084800000, 0x0000000084800000|100%| O|  |TAMS 0x0000000084800000, 0x0000000084700000| Complete 
|  72|0x0000000084800000, 0x0000000084900000, 0x0000000084900000|100%| O|  |TAMS 0x0000000084900000, 0x0000000084800000| Complete 
|  73|0x0000000084900000, 0x0000000084a00000, 0x0000000084a00000|100%| O|  |TAMS 0x0000000084a00000, 0x0000000084900000| Untracked 
|  74|0x0000000084a00000, 0x0000000084b00000, 0x0000000084b00000|100%| O|  |TAMS 0x0000000084b00000, 0x0000000084a00000| Untracked 
|  75|0x0000000084b00000, 0x0000000084c00000, 0x0000000084c00000|100%| O|  |TAMS 0x0000000084c00000, 0x0000000084b00000| Complete 
|  76|0x0000000084c00000, 0x0000000084d00000, 0x0000000084d00000|100%| O|  |TAMS 0x0000000084d00000, 0x0000000084c00000| Complete 
|  77|0x0000000084d00000, 0x0000000084e00000, 0x0000000084e00000|100%| O|  |TAMS 0x0000000084e00000, 0x0000000084d00000| Complete 
|  78|0x0000000084e00000, 0x0000000084f00000, 0x0000000084f00000|100%| O|  |TAMS 0x0000000084f00000, 0x0000000084e00000| Complete 
|  79|0x0000000084f00000, 0x0000000085000000, 0x0000000085000000|100%| O|  |TAMS 0x0000000085000000, 0x0000000084f00000| Complete 
|  80|0x0000000085000000, 0x0000000085100000, 0x0000000085100000|100%| O|  |TAMS 0x0000000085100000, 0x0000000085000000| Complete 
|  81|0x0000000085100000, 0x0000000085200000, 0x0000000085200000|100%| O|  |TAMS 0x0000000085200000, 0x0000000085100000| Complete 
|  82|0x0000000085200000, 0x0000000085300000, 0x0000000085300000|100%| O|  |TAMS 0x0000000085300000, 0x0000000085200000| Complete 
|  83|0x0000000085300000, 0x0000000085400000, 0x0000000085400000|100%| O|  |TAMS 0x0000000085400000, 0x0000000085300000| Complete 
|  84|0x0000000085400000, 0x0000000085400000, 0x0000000085500000|  0%| F|  |TAMS 0x0000000085400000, 0x0000000085400000| Untracked 
|  85|0x0000000085500000, 0x0000000085600000, 0x0000000085600000|100%| O|  |TAMS 0x0000000085600000, 0x0000000085500000| Complete 
|  86|0x0000000085600000, 0x0000000085700000, 0x0000000085700000|100%| O|  |TAMS 0x0000000085700000, 0x0000000085600000| Complete 
|  87|0x0000000085700000, 0x0000000085800000, 0x0000000085800000|100%| O|  |TAMS 0x0000000085800000, 0x0000000085700000| Untracked 
|  88|0x0000000085800000, 0x0000000085900000, 0x0000000085900000|100%| O|  |TAMS 0x0000000085900000, 0x0000000085800000| Untracked 
|  89|0x0000000085900000, 0x0000000085a00000, 0x0000000085a00000|100%| O|  |TAMS 0x0000000085a00000, 0x0000000085900000| Untracked 
|  90|0x0000000085a00000, 0x0000000085b00000, 0x0000000085b00000|100%| O|  |TAMS 0x0000000085b00000, 0x0000000085a00000| Complete 
|  91|0x0000000085b00000, 0x0000000085c00000, 0x0000000085c00000|100%| O|  |TAMS 0x0000000085c00000, 0x0000000085b00000| Untracked 
|  92|0x0000000085c00000, 0x0000000085d00000, 0x0000000085d00000|100%| O|  |TAMS 0x0000000085d00000, 0x0000000085c00000| Untracked 
|  93|0x0000000085d00000, 0x0000000085e00000, 0x0000000085e00000|100%| O|  |TAMS 0x0000000085e00000, 0x0000000085d00000| Complete 
|  94|0x0000000085e00000, 0x0000000085f00000, 0x0000000085f00000|100%| O|  |TAMS 0x0000000085f00000, 0x0000000085e00000| Untracked 
|  95|0x0000000085f00000, 0x0000000086000000, 0x0000000086000000|100%| O|  |TAMS 0x0000000086000000, 0x0000000085f00000| Complete 
|  96|0x0000000086000000, 0x0000000086100000, 0x0000000086100000|100%| O|  |TAMS 0x0000000086100000, 0x0000000086000000| Untracked 
|  97|0x0000000086100000, 0x0000000086200000, 0x0000000086200000|100%| O|  |TAMS 0x0000000086200000, 0x0000000086100000| Complete 
|  98|0x0000000086200000, 0x0000000086200000, 0x0000000086300000|  0%| F|  |TAMS 0x0000000086200000, 0x0000000086200000| Untracked 
|  99|0x0000000086300000, 0x0000000086400000, 0x0000000086400000|100%| O|  |TAMS 0x0000000086400000, 0x0000000086300000| Untracked 
| 100|0x0000000086400000, 0x0000000086500000, 0x0000000086500000|100%| O|  |TAMS 0x0000000086400000, 0x0000000086400000| Untracked 
| 101|0x0000000086500000, 0x0000000086600000, 0x0000000086600000|100%| O|  |TAMS 0x0000000086600000, 0x0000000086500000| Complete 
| 102|0x0000000086600000, 0x0000000086700000, 0x0000000086700000|100%| O|  |TAMS 0x0000000086700000, 0x0000000086600000| Complete 
| 103|0x0000000086700000, 0x0000000086800000, 0x0000000086800000|100%| O|  |TAMS 0x0000000086800000, 0x0000000086700000| Complete 
| 104|0x0000000086800000, 0x0000000086800000, 0x0000000086900000|  0%| F|  |TAMS 0x0000000086800000, 0x0000000086800000| Untracked 
| 105|0x0000000086900000, 0x0000000086a00000, 0x0000000086a00000|100%| O|  |TAMS 0x0000000086a00000, 0x0000000086900000| Complete 
| 106|0x0000000086a00000, 0x0000000086b00000, 0x0000000086b00000|100%| O|  |TAMS 0x0000000086b00000, 0x0000000086a00000| Complete 
| 107|0x0000000086b00000, 0x0000000086b00000, 0x0000000086c00000|  0%| F|  |TAMS 0x0000000086b00000, 0x0000000086b00000| Untracked 
| 108|0x0000000086c00000, 0x0000000086d00000, 0x0000000086d00000|100%| O|  |TAMS 0x0000000086d00000, 0x0000000086c00000| Untracked 
| 109|0x0000000086d00000, 0x0000000086e00000, 0x0000000086e00000|100%| O|  |TAMS 0x0000000086d00000, 0x0000000086d00000| Untracked 
| 110|0x0000000086e00000, 0x0000000086f00000, 0x0000000086f00000|100%| O|  |TAMS 0x0000000086e00000, 0x0000000086e00000| Untracked 
| 111|0x0000000086f00000, 0x0000000087000000, 0x0000000087000000|100%| O|  |TAMS 0x0000000087000000, 0x0000000086f00000| Untracked 
| 112|0x0000000087000000, 0x0000000087100000, 0x0000000087100000|100%| O|  |TAMS 0x0000000087100000, 0x0000000087000000| Untracked 
| 113|0x0000000087100000, 0x0000000087200000, 0x0000000087200000|100%| O|  |TAMS 0x0000000087200000, 0x0000000087100000| Untracked 
| 114|0x0000000087200000, 0x0000000087300000, 0x0000000087300000|100%| O|  |TAMS 0x0000000087300000, 0x0000000087200000| Complete 
| 115|0x0000000087300000, 0x0000000087300000, 0x0000000087400000|  0%| F|  |TAMS 0x0000000087300000, 0x0000000087300000| Untracked 
| 116|0x0000000087400000, 0x0000000087500000, 0x0000000087500000|100%| O|  |TAMS 0x0000000087400000, 0x0000000087400000| Untracked 
| 117|0x0000000087500000, 0x0000000087600000, 0x0000000087600000|100%| O|  |TAMS 0x0000000087500000, 0x0000000087500000| Untracked 
| 118|0x0000000087600000, 0x0000000087700000, 0x0000000087700000|100%| O|  |TAMS 0x0000000087600000, 0x0000000087600000| Untracked 
| 119|0x0000000087700000, 0x0000000087700000, 0x0000000087800000|  0%| F|  |TAMS 0x0000000087700000, 0x0000000087700000| Untracked 
| 120|0x0000000087800000, 0x0000000087800000, 0x0000000087900000|  0%| F|  |TAMS 0x0000000087800000, 0x0000000087800000| Untracked 
| 121|0x0000000087900000, 0x0000000087a00000, 0x0000000087a00000|100%| O|  |TAMS 0x0000000087a00000, 0x0000000087900000| Complete 
| 122|0x0000000087a00000, 0x0000000087b00000, 0x0000000087b00000|100%| O|  |TAMS 0x0000000087b00000, 0x0000000087a00000| Complete 
| 123|0x0000000087b00000, 0x0000000087c00000, 0x0000000087c00000|100%| O|  |TAMS 0x0000000087c00000, 0x0000000087b00000| Complete 
| 124|0x0000000087c00000, 0x0000000087d00000, 0x0000000087d00000|100%| O|  |TAMS 0x0000000087d00000, 0x0000000087c00000| Untracked 
| 125|0x0000000087d00000, 0x0000000087e00000, 0x0000000087e00000|100%| O|  |TAMS 0x0000000087e00000, 0x0000000087d00000| Untracked 
| 126|0x0000000087e00000, 0x0000000087f00000, 0x0000000087f00000|100%| O|  |TAMS 0x0000000087f00000, 0x0000000087e00000| Untracked 
| 127|0x0000000087f00000, 0x0000000088000000, 0x0000000088000000|100%| O|  |TAMS 0x0000000088000000, 0x0000000087f00000| Untracked 
| 128|0x0000000088000000, 0x0000000088100000, 0x0000000088100000|100%| O|  |TAMS 0x0000000088100000, 0x0000000088000000| Untracked 
| 129|0x0000000088100000, 0x0000000088100000, 0x0000000088200000|  0%| F|  |TAMS 0x0000000088100000, 0x0000000088100000| Untracked 
| 130|0x0000000088200000, 0x0000000088300000, 0x0000000088300000|100%| O|  |TAMS 0x0000000088300000, 0x0000000088200000| Untracked 
| 131|0x0000000088300000, 0x0000000088400000, 0x0000000088400000|100%| O|  |TAMS 0x00000000883ef600, 0x0000000088300000| Untracked 
| 132|0x0000000088400000, 0x0000000088400000, 0x0000000088500000|  0%| F|  |TAMS 0x0000000088400000, 0x0000000088400000| Untracked 
| 133|0x0000000088500000, 0x0000000088600000, 0x0000000088600000|100%|HS|  |TAMS 0x0000000088500000, 0x0000000088500000| Complete 
| 134|0x0000000088600000, 0x0000000088700000, 0x0000000088700000|100%|HC|  |TAMS 0x0000000088600000, 0x0000000088600000| Complete 
| 135|0x0000000088700000, 0x0000000088800000, 0x0000000088800000|100%|HC|  |TAMS 0x0000000088700000, 0x0000000088700000| Complete 
| 136|0x0000000088800000, 0x0000000088900000, 0x0000000088900000|100%|HC|  |TAMS 0x0000000088800000, 0x0000000088800000| Complete 
| 137|0x0000000088900000, 0x0000000088a00000, 0x0000000088a00000|100%|HC|  |TAMS 0x0000000088900000, 0x0000000088900000| Complete 
| 138|0x0000000088a00000, 0x0000000088b00000, 0x0000000088b00000|100%|HC|  |TAMS 0x0000000088a00000, 0x0000000088a00000| Complete 
| 139|0x0000000088b00000, 0x0000000088c00000, 0x0000000088c00000|100%| O|  |TAMS 0x0000000088b00000, 0x0000000088b00000| Untracked 
| 140|0x0000000088c00000, 0x0000000088d00000, 0x0000000088d00000|100%| O|  |TAMS 0x0000000088c00000, 0x0000000088c00000| Untracked 
| 141|0x0000000088d00000, 0x0000000088e00000, 0x0000000088e00000|100%| O|  |TAMS 0x0000000088d00000, 0x0000000088d00000| Untracked 
| 142|0x0000000088e00000, 0x0000000088f00000, 0x0000000088f00000|100%| O|  |TAMS 0x0000000088e00000, 0x0000000088e00000| Untracked 
| 143|0x0000000088f00000, 0x0000000089000000, 0x0000000089000000|100%| O|  |TAMS 0x0000000088f00000, 0x0000000088f00000| Untracked 
| 144|0x0000000089000000, 0x0000000089100000, 0x0000000089100000|100%| O|  |TAMS 0x0000000089000000, 0x0000000089000000| Untracked 
| 145|0x0000000089100000, 0x0000000089200000, 0x0000000089200000|100%|HS|  |TAMS 0x0000000089100000, 0x0000000089100000| Complete 
| 146|0x0000000089200000, 0x0000000089300000, 0x0000000089300000|100%|HC|  |TAMS 0x0000000089200000, 0x0000000089200000| Complete 
| 147|0x0000000089300000, 0x0000000089400000, 0x0000000089400000|100%|HC|  |TAMS 0x0000000089300000, 0x0000000089300000| Complete 
| 148|0x0000000089400000, 0x0000000089500000, 0x0000000089500000|100%|HC|  |TAMS 0x0000000089400000, 0x0000000089400000| Complete 
| 149|0x0000000089500000, 0x0000000089600000, 0x0000000089600000|100%|HC|  |TAMS 0x0000000089500000, 0x0000000089500000| Complete 
| 150|0x0000000089600000, 0x0000000089700000, 0x0000000089700000|100%|HC|  |TAMS 0x0000000089600000, 0x0000000089600000| Complete 
| 151|0x0000000089700000, 0x0000000089800000, 0x0000000089800000|100%| O|  |TAMS 0x0000000089700000, 0x0000000089700000| Untracked 
| 152|0x0000000089800000, 0x0000000089900000, 0x0000000089900000|100%| O|  |TAMS 0x0000000089800000, 0x0000000089800000| Untracked 
| 153|0x0000000089900000, 0x0000000089a00000, 0x0000000089a00000|100%| O|  |TAMS 0x0000000089900000, 0x0000000089900000| Untracked 
| 154|0x0000000089a00000, 0x0000000089b00000, 0x0000000089b00000|100%| O|  |TAMS 0x0000000089a00000, 0x0000000089a00000| Untracked 
| 155|0x0000000089b00000, 0x0000000089c00000, 0x0000000089c00000|100%| O|  |TAMS 0x0000000089b00000, 0x0000000089b00000| Untracked 
| 156|0x0000000089c00000, 0x0000000089d00000, 0x0000000089d00000|100%| O|  |TAMS 0x0000000089c00000, 0x0000000089c00000| Untracked 
| 157|0x0000000089d00000, 0x0000000089e00000, 0x0000000089e00000|100%| O|  |TAMS 0x0000000089d00000, 0x0000000089d00000| Untracked 
| 158|0x0000000089e00000, 0x0000000089f00000, 0x0000000089f00000|100%| O|  |TAMS 0x0000000089e00000, 0x0000000089e00000| Untracked 
| 159|0x0000000089f00000, 0x000000008a000000, 0x000000008a000000|100%| O|  |TAMS 0x0000000089f00000, 0x0000000089f00000| Untracked 
| 160|0x000000008a000000, 0x000000008a100000, 0x000000008a100000|100%| O|  |TAMS 0x000000008a000000, 0x000000008a000000| Untracked 
| 161|0x000000008a100000, 0x000000008a200000, 0x000000008a200000|100%| O|  |TAMS 0x000000008a100000, 0x000000008a100000| Untracked 
| 162|0x000000008a200000, 0x000000008a300000, 0x000000008a300000|100%| O|  |TAMS 0x000000008a200000, 0x000000008a200000| Untracked 
| 163|0x000000008a300000, 0x000000008a400000, 0x000000008a400000|100%| O|  |TAMS 0x000000008a300000, 0x000000008a300000| Untracked 
| 164|0x000000008a400000, 0x000000008a500000, 0x000000008a500000|100%| O|  |TAMS 0x000000008a400000, 0x000000008a400000| Untracked 
| 165|0x000000008a500000, 0x000000008a600000, 0x000000008a600000|100%| O|  |TAMS 0x000000008a500000, 0x000000008a500000| Untracked 
| 166|0x000000008a600000, 0x000000008a700000, 0x000000008a700000|100%| O|  |TAMS 0x000000008a600000, 0x000000008a600000| Untracked 
| 167|0x000000008a700000, 0x000000008a800000, 0x000000008a800000|100%| O|  |TAMS 0x000000008a700000, 0x000000008a700000| Untracked 
| 168|0x000000008a800000, 0x000000008a900000, 0x000000008a900000|100%| O|  |TAMS 0x000000008a800000, 0x000000008a800000| Untracked 
| 169|0x000000008a900000, 0x000000008aa00000, 0x000000008aa00000|100%| O|  |TAMS 0x000000008a900000, 0x000000008a900000| Untracked 
| 170|0x000000008aa00000, 0x000000008ab00000, 0x000000008ab00000|100%| O|  |TAMS 0x000000008aa00000, 0x000000008aa00000| Untracked 
| 171|0x000000008ab00000, 0x000000008ac00000, 0x000000008ac00000|100%| O|  |TAMS 0x000000008ab00000, 0x000000008ab00000| Untracked 
| 172|0x000000008ac00000, 0x000000008ad00000, 0x000000008ad00000|100%| O|  |TAMS 0x000000008ac00000, 0x000000008ac00000| Untracked 
| 173|0x000000008ad00000, 0x000000008ae00000, 0x000000008ae00000|100%| O|  |TAMS 0x000000008ad00000, 0x000000008ad00000| Untracked 
| 174|0x000000008ae00000, 0x000000008af00000, 0x000000008af00000|100%| O|  |TAMS 0x000000008ae00000, 0x000000008ae00000| Untracked 
| 175|0x000000008af00000, 0x000000008b000000, 0x000000008b000000|100%| O|  |TAMS 0x000000008af00000, 0x000000008af00000| Untracked 
| 176|0x000000008b000000, 0x000000008b100000, 0x000000008b100000|100%| O|  |TAMS 0x000000008b000000, 0x000000008b000000| Untracked 
| 177|0x000000008b100000, 0x000000008b200000, 0x000000008b200000|100%| O|  |TAMS 0x000000008b100000, 0x000000008b100000| Untracked 
| 178|0x000000008b200000, 0x000000008b295200, 0x000000008b300000| 58%| O|  |TAMS 0x000000008b200000, 0x000000008b200000| Untracked 
| 179|0x000000008b300000, 0x000000008b300000, 0x000000008b400000|  0%| F|  |TAMS 0x000000008b300000, 0x000000008b300000| Untracked 
| 180|0x000000008b400000, 0x000000008b400000, 0x000000008b500000|  0%| F|  |TAMS 0x000000008b400000, 0x000000008b400000| Untracked 
| 181|0x000000008b500000, 0x000000008b500000, 0x000000008b600000|  0%| F|  |TAMS 0x000000008b500000, 0x000000008b500000| Untracked 
| 182|0x000000008b600000, 0x000000008b600000, 0x000000008b700000|  0%| F|  |TAMS 0x000000008b600000, 0x000000008b600000| Untracked 
| 183|0x000000008b700000, 0x000000008b700000, 0x000000008b800000|  0%| F|  |TAMS 0x000000008b700000, 0x000000008b700000| Untracked 
| 184|0x000000008b800000, 0x000000008b800000, 0x000000008b900000|  0%| F|  |TAMS 0x000000008b800000, 0x000000008b800000| Untracked 
| 185|0x000000008b900000, 0x000000008b900000, 0x000000008ba00000|  0%| F|  |TAMS 0x000000008b900000, 0x000000008b900000| Untracked 
| 186|0x000000008ba00000, 0x000000008ba00000, 0x000000008bb00000|  0%| F|  |TAMS 0x000000008ba00000, 0x000000008ba00000| Untracked 
| 187|0x000000008bb00000, 0x000000008bb00000, 0x000000008bc00000|  0%| F|  |TAMS 0x000000008bb00000, 0x000000008bb00000| Untracked 
| 188|0x000000008bc00000, 0x000000008bc00000, 0x000000008bd00000|  0%| F|  |TAMS 0x000000008bc00000, 0x000000008bc00000| Untracked 
| 189|0x000000008bd00000, 0x000000008bd00000, 0x000000008be00000|  0%| F|  |TAMS 0x000000008bd00000, 0x000000008bd00000| Untracked 
| 190|0x000000008be00000, 0x000000008be00000, 0x000000008bf00000|  0%| F|  |TAMS 0x000000008be00000, 0x000000008be00000| Untracked 
| 191|0x000000008bf00000, 0x000000008bf00000, 0x000000008c000000|  0%| F|  |TAMS 0x000000008bf00000, 0x000000008bf00000| Untracked 
| 192|0x000000008c000000, 0x000000008c000000, 0x000000008c100000|  0%| F|  |TAMS 0x000000008c000000, 0x000000008c000000| Untracked 
| 193|0x000000008c100000, 0x000000008c100000, 0x000000008c200000|  0%| F|  |TAMS 0x000000008c100000, 0x000000008c100000| Untracked 
| 194|0x000000008c200000, 0x000000008c200000, 0x000000008c300000|  0%| F|  |TAMS 0x000000008c200000, 0x000000008c200000| Untracked 
| 195|0x000000008c300000, 0x000000008c300000, 0x000000008c400000|  0%| F|  |TAMS 0x000000008c300000, 0x000000008c300000| Untracked 
| 196|0x000000008c400000, 0x000000008c400000, 0x000000008c500000|  0%| F|  |TAMS 0x000000008c400000, 0x000000008c400000| Untracked 
| 197|0x000000008c500000, 0x000000008c500000, 0x000000008c600000|  0%| F|  |TAMS 0x000000008c500000, 0x000000008c500000| Untracked 
| 198|0x000000008c600000, 0x000000008c600000, 0x000000008c700000|  0%| F|  |TAMS 0x000000008c600000, 0x000000008c600000| Untracked 
| 199|0x000000008c700000, 0x000000008c700000, 0x000000008c800000|  0%| F|  |TAMS 0x000000008c700000, 0x000000008c700000| Untracked 
| 200|0x000000008c800000, 0x000000008c800000, 0x000000008c900000|  0%| F|  |TAMS 0x000000008c800000, 0x000000008c800000| Untracked 
| 201|0x000000008c900000, 0x000000008c900000, 0x000000008ca00000|  0%| F|  |TAMS 0x000000008c900000, 0x000000008c900000| Untracked 
| 202|0x000000008ca00000, 0x000000008ca00000, 0x000000008cb00000|  0%| F|  |TAMS 0x000000008ca00000, 0x000000008ca00000| Untracked 
| 203|0x000000008cb00000, 0x000000008cb00000, 0x000000008cc00000|  0%| F|  |TAMS 0x000000008cb00000, 0x000000008cb00000| Untracked 
| 204|0x000000008cc00000, 0x000000008cc00000, 0x000000008cd00000|  0%| F|  |TAMS 0x000000008cc00000, 0x000000008cc00000| Untracked 
| 205|0x000000008cd00000, 0x000000008cd00000, 0x000000008ce00000|  0%| F|  |TAMS 0x000000008cd00000, 0x000000008cd00000| Untracked 
| 206|0x000000008ce00000, 0x000000008ce00000, 0x000000008cf00000|  0%| F|  |TAMS 0x000000008ce00000, 0x000000008ce00000| Untracked 
| 207|0x000000008cf00000, 0x000000008cf00000, 0x000000008d000000|  0%| F|  |TAMS 0x000000008cf00000, 0x000000008cf00000| Untracked 
| 208|0x000000008d000000, 0x000000008d000000, 0x000000008d100000|  0%| F|  |TAMS 0x000000008d000000, 0x000000008d000000| Untracked 
| 209|0x000000008d100000, 0x000000008d100000, 0x000000008d200000|  0%| F|  |TAMS 0x000000008d100000, 0x000000008d100000| Untracked 
| 210|0x000000008d200000, 0x000000008d200000, 0x000000008d300000|  0%| F|  |TAMS 0x000000008d200000, 0x000000008d200000| Untracked 
| 211|0x000000008d300000, 0x000000008d300000, 0x000000008d400000|  0%| F|  |TAMS 0x000000008d300000, 0x000000008d300000| Untracked 
| 212|0x000000008d400000, 0x000000008d400000, 0x000000008d500000|  0%| F|  |TAMS 0x000000008d400000, 0x000000008d400000| Untracked 
| 213|0x000000008d500000, 0x000000008d500000, 0x000000008d600000|  0%| F|  |TAMS 0x000000008d500000, 0x000000008d500000| Untracked 
| 214|0x000000008d600000, 0x000000008d600000, 0x000000008d700000|  0%| F|  |TAMS 0x000000008d600000, 0x000000008d600000| Untracked 
| 215|0x000000008d700000, 0x000000008d700000, 0x000000008d800000|  0%| F|  |TAMS 0x000000008d700000, 0x000000008d700000| Untracked 
| 216|0x000000008d800000, 0x000000008d800000, 0x000000008d900000|  0%| F|  |TAMS 0x000000008d800000, 0x000000008d800000| Untracked 
| 217|0x000000008d900000, 0x000000008d900000, 0x000000008da00000|  0%| F|  |TAMS 0x000000008d900000, 0x000000008d900000| Untracked 
| 218|0x000000008da00000, 0x000000008da00000, 0x000000008db00000|  0%| F|  |TAMS 0x000000008da00000, 0x000000008da00000| Untracked 
| 219|0x000000008db00000, 0x000000008db00000, 0x000000008dc00000|  0%| F|  |TAMS 0x000000008db00000, 0x000000008db00000| Untracked 
| 220|0x000000008dc00000, 0x000000008dc00000, 0x000000008dd00000|  0%| F|  |TAMS 0x000000008dc00000, 0x000000008dc00000| Untracked 
| 221|0x000000008dd00000, 0x000000008dd00000, 0x000000008de00000|  0%| F|  |TAMS 0x000000008dd00000, 0x000000008dd00000| Untracked 
| 222|0x000000008de00000, 0x000000008de00000, 0x000000008df00000|  0%| F|  |TAMS 0x000000008de00000, 0x000000008de00000| Untracked 
| 223|0x000000008df00000, 0x000000008df00000, 0x000000008e000000|  0%| F|  |TAMS 0x000000008df00000, 0x000000008df00000| Untracked 
| 224|0x000000008e000000, 0x000000008e000000, 0x000000008e100000|  0%| F|  |TAMS 0x000000008e000000, 0x000000008e000000| Untracked 
| 225|0x000000008e100000, 0x000000008e100000, 0x000000008e200000|  0%| F|  |TAMS 0x000000008e100000, 0x000000008e100000| Untracked 
| 226|0x000000008e200000, 0x000000008e200000, 0x000000008e300000|  0%| F|  |TAMS 0x000000008e200000, 0x000000008e200000| Untracked 
| 227|0x000000008e300000, 0x000000008e300000, 0x000000008e400000|  0%| F|  |TAMS 0x000000008e300000, 0x000000008e300000| Untracked 
| 228|0x000000008e400000, 0x000000008e400000, 0x000000008e500000|  0%| F|  |TAMS 0x000000008e400000, 0x000000008e400000| Untracked 
| 229|0x000000008e500000, 0x000000008e500000, 0x000000008e600000|  0%| F|  |TAMS 0x000000008e500000, 0x000000008e500000| Untracked 
| 230|0x000000008e600000, 0x000000008e600000, 0x000000008e700000|  0%| F|  |TAMS 0x000000008e600000, 0x000000008e600000| Untracked 
| 231|0x000000008e700000, 0x000000008e700000, 0x000000008e800000|  0%| F|  |TAMS 0x000000008e700000, 0x000000008e700000| Untracked 
| 232|0x000000008e800000, 0x000000008e800000, 0x000000008e900000|  0%| F|  |TAMS 0x000000008e800000, 0x000000008e800000| Untracked 
| 233|0x000000008e900000, 0x000000008e900000, 0x000000008ea00000|  0%| F|  |TAMS 0x000000008e900000, 0x000000008e900000| Untracked 
| 234|0x000000008ea00000, 0x000000008ea00000, 0x000000008eb00000|  0%| F|  |TAMS 0x000000008ea00000, 0x000000008ea00000| Untracked 
| 235|0x000000008eb00000, 0x000000008eb00000, 0x000000008ec00000|  0%| F|  |TAMS 0x000000008eb00000, 0x000000008eb00000| Untracked 
| 236|0x000000008ec00000, 0x000000008ec00000, 0x000000008ed00000|  0%| F|  |TAMS 0x000000008ec00000, 0x000000008ec00000| Untracked 
| 237|0x000000008ed00000, 0x000000008ed00000, 0x000000008ee00000|  0%| F|  |TAMS 0x000000008ed00000, 0x000000008ed00000| Untracked 
| 238|0x000000008ee00000, 0x000000008ee00000, 0x000000008ef00000|  0%| F|  |TAMS 0x000000008ee00000, 0x000000008ee00000| Untracked 
| 239|0x000000008ef00000, 0x000000008ef00000, 0x000000008f000000|  0%| F|  |TAMS 0x000000008ef00000, 0x000000008ef00000| Untracked 
| 240|0x000000008f000000, 0x000000008f000000, 0x000000008f100000|  0%| F|  |TAMS 0x000000008f000000, 0x000000008f000000| Untracked 
| 241|0x000000008f100000, 0x000000008f100000, 0x000000008f200000|  0%| F|  |TAMS 0x000000008f100000, 0x000000008f100000| Untracked 
| 242|0x000000008f200000, 0x000000008f200000, 0x000000008f300000|  0%| F|  |TAMS 0x000000008f200000, 0x000000008f200000| Untracked 
| 243|0x000000008f300000, 0x000000008f300000, 0x000000008f400000|  0%| F|  |TAMS 0x000000008f300000, 0x000000008f300000| Untracked 
| 244|0x000000008f400000, 0x000000008f400000, 0x000000008f500000|  0%| F|  |TAMS 0x000000008f400000, 0x000000008f400000| Untracked 
| 245|0x000000008f500000, 0x000000008f500000, 0x000000008f600000|  0%| F|  |TAMS 0x000000008f500000, 0x000000008f500000| Untracked 
| 246|0x000000008f600000, 0x000000008f600000, 0x000000008f700000|  0%| F|  |TAMS 0x000000008f600000, 0x000000008f600000| Untracked 
| 247|0x000000008f700000, 0x000000008f700000, 0x000000008f800000|  0%| F|  |TAMS 0x000000008f700000, 0x000000008f700000| Untracked 
| 248|0x000000008f800000, 0x000000008f800000, 0x000000008f900000|  0%| F|  |TAMS 0x000000008f800000, 0x000000008f800000| Untracked 
| 249|0x000000008f900000, 0x000000008f900000, 0x000000008fa00000|  0%| F|  |TAMS 0x000000008f900000, 0x000000008f900000| Untracked 
| 250|0x000000008fa00000, 0x000000008fa00000, 0x000000008fb00000|  0%| F|  |TAMS 0x000000008fa00000, 0x000000008fa00000| Untracked 
| 251|0x000000008fb00000, 0x000000008fb00000, 0x000000008fc00000|  0%| F|  |TAMS 0x000000008fb00000, 0x000000008fb00000| Untracked 
| 252|0x000000008fc00000, 0x000000008fc00000, 0x000000008fd00000|  0%| F|  |TAMS 0x000000008fc00000, 0x000000008fc00000| Untracked 
| 253|0x000000008fd00000, 0x000000008fd00000, 0x000000008fe00000|  0%| F|  |TAMS 0x000000008fd00000, 0x000000008fd00000| Untracked 
| 254|0x000000008fe00000, 0x000000008fe00000, 0x000000008ff00000|  0%| F|  |TAMS 0x000000008fe00000, 0x000000008fe00000| Untracked 
| 255|0x000000008ff00000, 0x000000008ff00000, 0x0000000090000000|  0%| F|  |TAMS 0x000000008ff00000, 0x000000008ff00000| Untracked 
| 256|0x0000000090000000, 0x0000000090000000, 0x0000000090100000|  0%| F|  |TAMS 0x0000000090000000, 0x0000000090000000| Untracked 
| 257|0x0000000090100000, 0x0000000090100000, 0x0000000090200000|  0%| F|  |TAMS 0x0000000090100000, 0x0000000090100000| Untracked 
| 258|0x0000000090200000, 0x0000000090200000, 0x0000000090300000|  0%| F|  |TAMS 0x0000000090200000, 0x0000000090200000| Untracked 
| 259|0x0000000090300000, 0x0000000090300000, 0x0000000090400000|  0%| F|  |TAMS 0x0000000090300000, 0x0000000090300000| Untracked 
| 260|0x0000000090400000, 0x0000000090400000, 0x0000000090500000|  0%| F|  |TAMS 0x0000000090400000, 0x0000000090400000| Untracked 
| 261|0x0000000090500000, 0x0000000090500000, 0x0000000090600000|  0%| F|  |TAMS 0x0000000090500000, 0x0000000090500000| Untracked 
| 262|0x0000000090600000, 0x0000000090600000, 0x0000000090700000|  0%| F|  |TAMS 0x0000000090600000, 0x0000000090600000| Untracked 
| 263|0x0000000090700000, 0x0000000090700000, 0x0000000090800000|  0%| F|  |TAMS 0x0000000090700000, 0x0000000090700000| Untracked 
| 264|0x0000000090800000, 0x0000000090800000, 0x0000000090900000|  0%| F|  |TAMS 0x0000000090800000, 0x0000000090800000| Untracked 
| 265|0x0000000090900000, 0x0000000090900000, 0x0000000090a00000|  0%| F|  |TAMS 0x0000000090900000, 0x0000000090900000| Untracked 
| 266|0x0000000090a00000, 0x0000000090a00000, 0x0000000090b00000|  0%| F|  |TAMS 0x0000000090a00000, 0x0000000090a00000| Untracked 
| 267|0x0000000090b00000, 0x0000000090b00000, 0x0000000090c00000|  0%| F|  |TAMS 0x0000000090b00000, 0x0000000090b00000| Untracked 
| 268|0x0000000090c00000, 0x0000000090c00000, 0x0000000090d00000|  0%| F|  |TAMS 0x0000000090c00000, 0x0000000090c00000| Untracked 
| 269|0x0000000090d00000, 0x0000000090d00000, 0x0000000090e00000|  0%| F|  |TAMS 0x0000000090d00000, 0x0000000090d00000| Untracked 
| 270|0x0000000090e00000, 0x0000000090e00000, 0x0000000090f00000|  0%| F|  |TAMS 0x0000000090e00000, 0x0000000090e00000| Untracked 
| 271|0x0000000090f00000, 0x0000000090f00000, 0x0000000091000000|  0%| F|  |TAMS 0x0000000090f00000, 0x0000000090f00000| Untracked 
| 272|0x0000000091000000, 0x0000000091000000, 0x0000000091100000|  0%| F|  |TAMS 0x0000000091000000, 0x0000000091000000| Untracked 
| 273|0x0000000091100000, 0x0000000091100000, 0x0000000091200000|  0%| F|  |TAMS 0x0000000091100000, 0x0000000091100000| Untracked 
| 274|0x0000000091200000, 0x0000000091200000, 0x0000000091300000|  0%| F|  |TAMS 0x0000000091200000, 0x0000000091200000| Untracked 
| 275|0x0000000091300000, 0x0000000091300000, 0x0000000091400000|  0%| F|  |TAMS 0x0000000091300000, 0x0000000091300000| Untracked 
| 276|0x0000000091400000, 0x0000000091400000, 0x0000000091500000|  0%| F|  |TAMS 0x0000000091400000, 0x0000000091400000| Untracked 
| 277|0x0000000091500000, 0x0000000091500000, 0x0000000091600000|  0%| F|  |TAMS 0x0000000091500000, 0x0000000091500000| Untracked 
| 278|0x0000000091600000, 0x0000000091600000, 0x0000000091700000|  0%| F|  |TAMS 0x0000000091600000, 0x0000000091600000| Untracked 
| 279|0x0000000091700000, 0x0000000091700000, 0x0000000091800000|  0%| F|  |TAMS 0x0000000091700000, 0x0000000091700000| Untracked 
| 280|0x0000000091800000, 0x0000000091800000, 0x0000000091900000|  0%| F|  |TAMS 0x0000000091800000, 0x0000000091800000| Untracked 
| 281|0x0000000091900000, 0x0000000091900000, 0x0000000091a00000|  0%| F|  |TAMS 0x0000000091900000, 0x0000000091900000| Untracked 
| 282|0x0000000091a00000, 0x0000000091a00000, 0x0000000091b00000|  0%| F|  |TAMS 0x0000000091a00000, 0x0000000091a00000| Untracked 
| 283|0x0000000091b00000, 0x0000000091b00000, 0x0000000091c00000|  0%| F|  |TAMS 0x0000000091b00000, 0x0000000091b00000| Untracked 
| 284|0x0000000091c00000, 0x0000000091c00000, 0x0000000091d00000|  0%| F|  |TAMS 0x0000000091c00000, 0x0000000091c00000| Untracked 
| 285|0x0000000091d00000, 0x0000000091d00000, 0x0000000091e00000|  0%| F|  |TAMS 0x0000000091d00000, 0x0000000091d00000| Untracked 
| 286|0x0000000091e00000, 0x0000000091e00000, 0x0000000091f00000|  0%| F|  |TAMS 0x0000000091e00000, 0x0000000091e00000| Untracked 
| 287|0x0000000091f00000, 0x0000000091f00000, 0x0000000092000000|  0%| F|  |TAMS 0x0000000091f00000, 0x0000000091f00000| Untracked 
| 288|0x0000000092000000, 0x0000000092000000, 0x0000000092100000|  0%| F|  |TAMS 0x0000000092000000, 0x0000000092000000| Untracked 
| 289|0x0000000092100000, 0x0000000092100000, 0x0000000092200000|  0%| F|  |TAMS 0x0000000092100000, 0x0000000092100000| Untracked 
| 290|0x0000000092200000, 0x0000000092200000, 0x0000000092300000|  0%| F|  |TAMS 0x0000000092200000, 0x0000000092200000| Untracked 
| 291|0x0000000092300000, 0x0000000092300000, 0x0000000092400000|  0%| F|  |TAMS 0x0000000092300000, 0x0000000092300000| Untracked 
| 292|0x0000000092400000, 0x0000000092500000, 0x0000000092500000|100%| S|CS|TAMS 0x0000000092400000, 0x0000000092400000| Complete 
| 293|0x0000000092500000, 0x0000000092600000, 0x0000000092600000|100%| S|CS|TAMS 0x0000000092500000, 0x0000000092500000| Complete 
| 294|0x0000000092600000, 0x0000000092600000, 0x0000000092700000|  0%| F|  |TAMS 0x0000000092600000, 0x0000000092600000| Untracked 
| 295|0x0000000092700000, 0x0000000092700000, 0x0000000092800000|  0%| F|  |TAMS 0x0000000092700000, 0x0000000092700000| Untracked 
| 296|0x0000000092800000, 0x0000000092800000, 0x0000000092900000|  0%| F|  |TAMS 0x0000000092800000, 0x0000000092800000| Untracked 
| 297|0x0000000092900000, 0x0000000092900000, 0x0000000092a00000|  0%| F|  |TAMS 0x0000000092900000, 0x0000000092900000| Untracked 
| 298|0x0000000092a00000, 0x0000000092a00000, 0x0000000092b00000|  0%| F|  |TAMS 0x0000000092a00000, 0x0000000092a00000| Untracked 

Card table byte_map: [0x0000024577980000,0x0000024577d80000] _byte_map_base: 0x0000024577580000

Marking Bits (Prev, Next): (CMBitMap*) 0x000002456461b9d8, (CMBitMap*) 0x000002456461ba10
 Prev Bits: [0x0000024578180000, 0x000002457a180000)
 Next Bits: [0x000002457a180000, 0x000002457c180000)

Polling page: 0x0000024562b30000

Metaspace:

Usage:
  Non-class:    112.56 MB capacity,   110.78 MB ( 98%) used,     1.44 MB (  1%) free+waste,   343.88 KB ( <1%) overhead. 
      Class:     16.86 MB capacity,    15.82 MB ( 94%) used,   911.44 KB (  5%) free+waste,   151.38 KB ( <1%) overhead. 
       Both:    129.41 MB capacity,   126.60 MB ( 98%) used,     2.33 MB (  2%) free+waste,   495.25 KB ( <1%) overhead. 

Virtual space:
  Non-class space:      114.00 MB reserved,     112.82 MB ( 99%) committed 
      Class space:        1.00 GB reserved,      17.00 MB (  2%) committed 
             Both:        1.11 GB reserved,     129.82 MB ( 11%) committed 

Chunk freelists:
   Non-Class:  143.00 KB
       Class:  83.00 KB
        Both:  226.00 KB

MaxMetaspaceSize: 17179869184.00 GB
CompressedClassSpaceSize: 1.00 GB

CodeHeap 'non-profiled nmethods': size=120064Kb used=11251Kb max_used=11251Kb free=108812Kb
 bounds [0x000002456fa20000, 0x0000024570520000, 0x0000024576f60000]
CodeHeap 'profiled nmethods': size=120000Kb used=40565Kb max_used=40565Kb free=79434Kb
 bounds [0x00000245684f0000, 0x000002456aca0000, 0x000002456fa20000]
CodeHeap 'non-nmethods': size=5696Kb used=2369Kb max_used=2418Kb free=3326Kb
 bounds [0x0000024567f60000, 0x00000245681d0000, 0x00000245684f0000]
 total_blobs=17927 nmethods=16930 adapters=906
 compilation: enabled
              stopped_count=0, restarted_count=0
 full_count=0

Compilation events (20 events):
Event: 3692.101 Thread 0x000002457e7ab800 18049       3       com.android.tools.r8.w.a.a.a.f.X::d (188 bytes)
Event: 3692.102 Thread 0x000002457e7ab800 nmethod 18049 0x000002456ac64c90 code [0x000002456ac64f20, 0x000002456ac65be8]
Event: 3692.106 Thread 0x000002457e7ab800 18050       3       com.android.tools.r8.code.x1::a (4137 bytes)
Event: 3692.164 Thread 0x000002457e7ab800 nmethod 18050 0x000002456ac66090 code [0x000002456ac68d60, 0x000002456ac86cf8]
Event: 3692.319 Thread 0x000002457e7ab800 18051       2       com.android.tools.r8.graph.B::d (73 bytes)
Event: 3692.320 Thread 0x000002457e7ab800 nmethod 18051 0x000002456ac91d90 code [0x000002456ac91fc0, 0x000002456ac924d8]
Event: 3693.119 Thread 0x000002457e7ab800 18054   !   2       com.android.tools.r8.graph.q0::g (24 bytes)
Event: 3693.189 Thread 0x000002457e7a7000 nmethod 17955 0x0000024570511290 code [0x00000245705117e0, 0x0000024570518bd8]
Event: 3693.201 Thread 0x000002457e7ab800 nmethod 18054 0x000002456ac92890 code [0x000002456ac92a80, 0x000002456ac92db8]
Event: 3693.201 Thread 0x000002457e7ab800 18057       2       com.android.tools.r8.code.T2::<init> (58 bytes)
Event: 3693.207 Thread 0x000002457e7ab800 nmethod 18057 0x000002456ac93010 code [0x000002456ac93220, 0x000002456ac937a8]
Event: 3693.207 Thread 0x000002457e7ab800 18060   !   2       com.android.tools.r8.graph.h0::b (34 bytes)
Event: 3693.212 Thread 0x000002457e7a7000 18059       4       com.android.tools.r8.code.x1::a (4137 bytes)
Event: 3693.233 Thread 0x000002457e7ab800 nmethod 18060 0x000002456ac93c10 code [0x000002456ac93de0, 0x000002456ac94188]
Event: 3693.233 Thread 0x000002457e7ab800 18056       2       com.android.tools.r8.code.u::<init> (7 bytes)
Event: 3693.234 Thread 0x000002457e7ab800 nmethod 18056 0x000002456ac94390 code [0x000002456ac94560, 0x000002456ac94798]
Event: 3693.234 Thread 0x000002457e7ab800 18055       2       com.android.tools.r8.dex.n::a (71 bytes)
Event: 3693.274 Thread 0x000002457e7ab800 nmethod 18055 0x000002456ac94990 code [0x000002456ac94c40, 0x000002456ac95558]
Event: 3693.274 Thread 0x000002457e7ab800 18061       2       com.android.tools.r8.graph.v1::d (64 bytes)
Event: 3693.277 Thread 0x000002457e7ab800 nmethod 18061 0x000002456ac95b90 code [0x000002456ac95da0, 0x000002456ac96118]

GC Heap History (20 events):
Event: 3643.297 GC heap after
{Heap after GC invocations=108 (full 0):
 garbage-first heap   total 306176K, used 110364K [0x0000000080000000, 0x0000000100000000)
  region size 1024K, 2 young (2048K), 2 survivors (2048K)
 Metaspace       used 108760K, capacity 111113K, committed 112200K, reserved 1146880K
  class space    used 13666K, capacity 14482K, committed 14848K, reserved 1048576K
}
Event: 3643.828 GC heap before
{Heap before GC invocations=108 (full 0):
 garbage-first heap   total 306176K, used 121628K [0x0000000080000000, 0x0000000100000000)
  region size 1024K, 14 young (14336K), 2 survivors (2048K)
 Metaspace       used 109248K, capacity 111634K, committed 112712K, reserved 1146880K
  class space    used 13714K, capacity 14549K, committed 14848K, reserved 1048576K
}
Event: 3643.864 GC heap after
{Heap after GC invocations=109 (full 0):
 garbage-first heap   total 306176K, used 107960K [0x0000000080000000, 0x0000000100000000)
  region size 1024K, 2 young (2048K), 2 survivors (2048K)
 Metaspace       used 109248K, capacity 111634K, committed 112712K, reserved 1146880K
  class space    used 13714K, capacity 14549K, committed 14848K, reserved 1048576K
}
Event: 3662.035 GC heap before
{Heap before GC invocations=109 (full 0):
 garbage-first heap   total 306176K, used 167352K [0x0000000080000000, 0x0000000100000000)
  region size 1024K, 61 young (62464K), 2 survivors (2048K)
 Metaspace       used 110461K, capacity 112850K, committed 113864K, reserved 1148928K
  class space    used 13842K, capacity 14699K, committed 14976K, reserved 1048576K
}
Event: 3662.272 GC heap after
{Heap after GC invocations=110 (full 0):
 garbage-first heap   total 306176K, used 114688K [0x0000000080000000, 0x0000000100000000)
  region size 1024K, 8 young (8192K), 8 survivors (8192K)
 Metaspace       used 110461K, capacity 112850K, committed 113864K, reserved 1148928K
  class space    used 13842K, capacity 14699K, committed 14976K, reserved 1048576K
}
Event: 3664.563 GC heap before
{Heap before GC invocations=110 (full 0):
 garbage-first heap   total 306176K, used 148480K [0x0000000080000000, 0x0000000100000000)
  region size 1024K, 42 young (43008K), 8 survivors (8192K)
 Metaspace       used 111139K, capacity 113564K, committed 114504K, reserved 1148928K
  class space    used 13900K, capacity 14766K, committed 15104K, reserved 1048576K
}
Event: 3664.608 GC heap after
{Heap after GC invocations=111 (full 0):
 garbage-first heap   total 306176K, used 113557K [0x0000000080000000, 0x0000000100000000)
  region size 1024K, 2 young (2048K), 2 survivors (2048K)
 Metaspace       used 111139K, capacity 113564K, committed 114504K, reserved 1148928K
  class space    used 13900K, capacity 14766K, committed 15104K, reserved 1048576K
}
Event: 3668.806 GC heap before
{Heap before GC invocations=111 (full 0):
 garbage-first heap   total 306176K, used 168853K [0x0000000080000000, 0x0000000100000000)
  region size 1024K, 57 young (58368K), 2 survivors (2048K)
 Metaspace       used 117002K, capacity 119511K, committed 120392K, reserved 1155072K
  class space    used 14682K, capacity 15599K, committed 15872K, reserved 1048576K
}
Event: 3668.853 GC heap after
{Heap after GC invocations=112 (full 0):
 garbage-first heap   total 306176K, used 117147K [0x0000000080000000, 0x0000000100000000)
  region size 1024K, 5 young (5120K), 5 survivors (5120K)
 Metaspace       used 117002K, capacity 119511K, committed 120392K, reserved 1155072K
  class space    used 14682K, capacity 15599K, committed 15872K, reserved 1048576K
}
Event: 3675.174 GC heap before
{Heap before GC invocations=112 (full 0):
 garbage-first heap   total 306176K, used 185755K [0x0000000080000000, 0x0000000100000000)
  region size 1024K, 67 young (68608K), 5 survivors (5120K)
 Metaspace       used 120776K, capacity 123355K, committed 123720K, reserved 1157120K
  class space    used 15104K, capacity 16013K, committed 16128K, reserved 1048576K
}
Event: 3675.273 GC heap after
{Heap after GC invocations=113 (full 0):
 garbage-first heap   total 306176K, used 124712K [0x0000000080000000, 0x0000000100000000)
  region size 1024K, 8 young (8192K), 8 survivors (8192K)
 Metaspace       used 120776K, capacity 123355K, committed 123720K, reserved 1157120K
  class space    used 15104K, capacity 16013K, committed 16128K, reserved 1048576K
}
Event: 3679.354 GC heap before
{Heap before GC invocations=113 (full 0):
 garbage-first heap   total 306176K, used 193320K [0x0000000080000000, 0x0000000100000000)
  region size 1024K, 76 young (77824K), 8 survivors (8192K)
 Metaspace       used 126731K, capacity 129611K, committed 129736K, reserved 1163264K
  class space    used 15909K, capacity 16973K, committed 17024K, reserved 1048576K
}
Event: 3679.581 GC heap after
{Heap after GC invocations=114 (full 0):
 garbage-first heap   total 306176K, used 134792K [0x0000000080000000, 0x0000000100000000)
  region size 1024K, 10 young (10240K), 10 survivors (10240K)
 Metaspace       used 126731K, capacity 129611K, committed 129736K, reserved 1163264K
  class space    used 15909K, capacity 16973K, committed 17024K, reserved 1048576K
}
Event: 3679.892 GC heap before
{Heap before GC invocations=114 (full 0):
 garbage-first heap   total 306176K, used 146056K [0x0000000080000000, 0x0000000100000000)
  region size 1024K, 22 young (22528K), 10 survivors (10240K)
 Metaspace       used 127224K, capacity 130162K, committed 130376K, reserved 1163264K
  class space    used 15972K, capacity 17049K, committed 17152K, reserved 1048576K
}
Event: 3679.979 GC heap after
{Heap after GC invocations=115 (full 0):
 garbage-first heap   total 306176K, used 139197K [0x0000000080000000, 0x0000000100000000)
  region size 1024K, 3 young (3072K), 3 survivors (3072K)
 Metaspace       used 127224K, capacity 130162K, committed 130376K, reserved 1163264K
  class space    used 15972K, capacity 17049K, committed 17152K, reserved 1048576K
}
Event: 3683.755 GC heap before
{Heap before GC invocations=115 (full 0):
 garbage-first heap   total 306176K, used 161725K [0x0000000080000000, 0x0000000100000000)
  region size 1024K, 25 young (25600K), 3 survivors (3072K)
 Metaspace       used 128582K, capacity 131599K, committed 131656K, reserved 1163264K
  class space    used 16040K, capacity 17136K, committed 17152K, reserved 1048576K
}
Event: 3683.832 GC heap after
{Heap after GC invocations=116 (full 0):
 garbage-first heap   total 306176K, used 135101K [0x0000000080000000, 0x0000000100000000)
  region size 1024K, 1 young (1024K), 1 survivors (1024K)
 Metaspace       used 128582K, capacity 131599K, committed 131656K, reserved 1163264K
  class space    used 16040K, capacity 17136K, committed 17152K, reserved 1048576K
}
Event: 3692.420 GC heap before
{Heap before GC invocations=117 (full 0):
 garbage-first heap   total 306176K, used 220093K [0x0000000080000000, 0x0000000100000000)
  region size 1024K, 71 young (72704K), 1 survivors (1024K)
 Metaspace       used 129632K, capacity 132518K, committed 132936K, reserved 1165312K
  class space    used 16198K, capacity 17261K, committed 17408K, reserved 1048576K
}
Event: 3693.113 GC heap after
{Heap after GC invocations=118 (full 0):
 garbage-first heap   total 306176K, used 176913K [0x0000000080000000, 0x0000000100000000)
  region size 1024K, 9 young (9216K), 9 survivors (9216K)
 Metaspace       used 129632K, capacity 132518K, committed 132936K, reserved 1165312K
  class space    used 16198K, capacity 17261K, committed 17408K, reserved 1048576K
}
Event: 3693.294 GC heap before
{Heap before GC invocations=118 (full 0):
 garbage-first heap   total 306176K, used 182033K [0x0000000080000000, 0x0000000100000000)
  region size 1024K, 14 young (14336K), 9 survivors (9216K)
 Metaspace       used 129634K, capacity 132518K, committed 132936K, reserved 1165312K
  class space    used 16198K, capacity 17261K, committed 17408K, reserved 1048576K
}

Deoptimization events (20 events):
Event: 3688.975 Thread 0x00000245030a7000 Uncommon trap: trap_request=0xffffff4d fr.pc=0x00000245704cdbec relative=0x00000000000052ac
Event: 3688.975 Thread 0x00000245030a7000 Uncommon trap: reason=unstable_if action=reinterpret pc=0x00000245704cdbec method=com.android.tools.r8.dex.n.m()V @ 1411 c2
Event: 3688.975 Thread 0x00000245030a7000 DEOPT PACKING pc=0x00000245704cdbec sp=0x00000097686fd840
Event: 3688.976 Thread 0x00000245030a7000 DEOPT UNPACKING pc=0x0000024567f874af sp=0x00000097686fd838 mode 2
Event: 3689.532 Thread 0x000002450352f000 Uncommon trap: trap_request=0xffffff4d fr.pc=0x000002456ffad010 relative=0x0000000000000350
Event: 3689.532 Thread 0x000002450352f000 Uncommon trap: reason=unstable_if action=reinterpret pc=0x000002456ffad010 method=java.util.concurrent.ConcurrentLinkedQueue.offer(Ljava/lang/Object;)Z @ 42 c2
Event: 3689.532 Thread 0x000002450352f000 DEOPT PACKING pc=0x000002456ffad010 sp=0x0000009761cfeca0
Event: 3689.536 Thread 0x000002450352f000 DEOPT UNPACKING pc=0x0000024567f874af sp=0x0000009761cfebe8 mode 2
Event: 3689.607 Thread 0x000002450352d000 Uncommon trap: trap_request=0xffffff4d fr.pc=0x00000245704ea474 relative=0x0000000000000894
Event: 3689.607 Thread 0x000002450352d000 Uncommon trap: reason=unstable_if action=reinterpret pc=0x00000245704ea474 method=com.android.tools.r8.dex.n.i()Lcom/android/tools/r8/graph/t0; @ 64 c2
Event: 3689.607 Thread 0x000002450352d000 DEOPT PACKING pc=0x00000245704ea474 sp=0x0000009761afe0a0
Event: 3689.607 Thread 0x000002450352d000 DEOPT UNPACKING pc=0x0000024567f874af sp=0x0000009761afe080 mode 2
Event: 3689.827 Thread 0x000002450352d000 DEOPT PACKING pc=0x000002456a6387fe sp=0x0000009761afe010
Event: 3689.827 Thread 0x000002450352d000 DEOPT UNPACKING pc=0x0000024567f872ce sp=0x0000009761afd590 mode 0
Event: 3691.861 Thread 0x000002450352d000 Uncommon trap: trap_request=0xffffff4d fr.pc=0x0000024570509f4c relative=0x000000000000996c
Event: 3691.861 Thread 0x000002450352d000 Uncommon trap: reason=unstable_if action=reinterpret pc=0x0000024570509f4c method=com.android.tools.r8.code.x1.a(Ljava/nio/ShortBuffer;IILcom/android/tools/r8/graph/D1;)[Lcom/android/tools/r8/code/w1; @ 541 c2
Event: 3691.861 Thread 0x000002450352d000 DEOPT PACKING pc=0x0000024570509f4c sp=0x0000009761afe640
Event: 3691.861 Thread 0x000002450352d000 DEOPT UNPACKING pc=0x0000024567f874af sp=0x0000009761afe628 mode 2
Event: 3692.106 Thread 0x000002450352d000 DEOPT PACKING pc=0x000002456ac1eda6 sp=0x0000009761afdee0
Event: 3692.106 Thread 0x000002450352d000 DEOPT UNPACKING pc=0x0000024567f872ce sp=0x0000009761afdb20 mode 0

Classes redefined (0 events):
No events

Internal exceptions (20 events):
Event: 3676.609 Thread 0x00000245030a0800 Exception <a 'java/lang/NoSuchMethodError'{0x0000000090f48a88}: 'void java.lang.invoke.DirectMethodHandle$Holder.invokeStatic(java.lang.Object, java.lang.Object, java.lang.Object, int)'> (0x0000000090f48a88) thrown at [./src/hotspot/share/interpreter/linkResolver.cpp, line 773]
Event: 3676.615 Thread 0x00000245030a2000 Exception <a 'java/lang/NoSuchMethodError'{0x00000000910af770}: 'void java.lang.invoke.DirectMethodHandle$Holder.invokeStatic(java.lang.Object, java.lang.Object, java.lang.Object, int)'> (0x00000000910af770) thrown at [./src/hotspot/share/interpreter/linkResolver.cpp, line 773]
Event: 3676.615 Thread 0x00000245030a0800 Exception <a 'java/lang/IncompatibleClassChangeError'{0x0000000090f508e8}: Found class java.lang.Object, but interface was expected> (0x0000000090f508e8) thrown at [./src/hotspot/share/interpreter/linkResolver.cpp, line 839]
Event: 3677.152 Thread 0x00000245030a0800 Exception <a 'java/lang/NoSuchMethodError'{0x00000000904e5df0}: 'void java.lang.invoke.DirectMethodHandle$Holder.invokeSpecial(java.lang.Object, java.lang.Object, int, java.lang.Object)'> (0x00000000904e5df0) thrown at [./src/hotspot/share/interpreter/linkResolver.cpp, line 773]
Event: 3677.961 Thread 0x00000245030a1000 Exception <a 'java/lang/NoSuchMethodError'{0x00000000900b7e80}: 'java.lang.Object java.lang.invoke.DirectMethodHandle$Holder.invokeVirtual(java.lang.Object, java.lang.Object, int, java.lang.Object)'> (0x00000000900b7e80) thrown at [./src/hotspot/share/interpreter/linkResolver.cpp, line 773]
Event: 3677.962 Thread 0x00000245030a7000 Exception <a 'java/lang/NoSuchMethodError'{0x000000009009fdf0}: 'java.lang.Object java.lang.invoke.DirectMethodHandle$Holder.invokeVirtual(java.lang.Object, java.lang.Object, int, java.lang.Object)'> (0x000000009009fdf0) thrown at [./src/hotspot/share/interpreter/linkResolver.cpp, line 773]
Event: 3677.961 Thread 0x00000245030a2000 Exception <a 'java/lang/NoSuchMethodError'{0x000000009046f8a0}: 'java.lang.Object java.lang.invoke.DirectMethodHandle$Holder.invokeVirtual(java.lang.Object, java.lang.Object, int, java.lang.Object)'> (0x000000009046f8a0) thrown at [./src/hotspot/share/interpreter/linkResolver.cpp, line 773]
Event: 3677.971 Thread 0x00000245030a0800 Exception <a 'java/lang/NoSuchMethodError'{0x000000009006c220}: 'java.lang.Object java.lang.invoke.DirectMethodHandle$Holder.invokeVirtual(java.lang.Object, java.lang.Object, int, java.lang.Object)'> (0x000000009006c220) thrown at [./src/hotspot/share/interpreter/linkResolver.cpp, line 773]
Event: 3678.098 Thread 0x00000245030a7000 Exception <a 'java/lang/NoSuchMethodError'{0x000000008ff022c0}: 'void java.lang.invoke.DirectMethodHandle$Holder.invokeVirtual(java.lang.Object, java.lang.Object, int, java.lang.Object)'> (0x000000008ff022c0) thrown at [./src/hotspot/share/interpreter/linkResolver.cpp, line 773]
Event: 3678.964 Thread 0x00000245030a1000 Exception <a 'java/lang/NoSuchMethodError'{0x000000008edfc678}: 'java.lang.Object java.lang.invoke.DirectMethodHandle$Holder.invokeSpecial(java.lang.Object, java.lang.Object, java.lang.Object, java.lang.Object, java.lang.Object, java.lang.Object, java.lang.Object, java.lang.Object, java.lang.Object, java.lang.Object)'> (0x000000008edfc678) thrown at [./src/hotspot/share/interpreter/linkResolver.cpp, line 773]
Event: 3678.972 Thread 0x00000245030a1000 Exception <a 'java/lang/NoSuchMethodError'{0x000000008ec7a430}: 'java.lang.Object java.lang.invoke.Invokers$Holder.linkToTargetMethod(java.lang.Object, java.lang.Object, java.lang.Object, java.lang.Object, java.lang.Object, java.lang.Object, java.lang.Object, java.lang.Object, java.lang.Object)'> (0x000000008ec7a430) thrown at [./src/hotspot/share/interpreter/linkResolver.cpp, line 773]
Event: 3679.601 Thread 0x00000245030a0800 Implicit null exception at 0x000002456fc952fb to 0x000002456fc99e3c
Event: 3679.874 Thread 0x00000245030a0800 Exception <a 'java/lang/NoSuchMethodError'{0x0000000091f938d8}: 'void java.lang.invoke.DirectMethodHandle$Holder.invokeVirtual(java.lang.Object, java.lang.Object, int)'> (0x0000000091f938d8) thrown at [./src/hotspot/share/interpreter/linkResolver.cpp, line 773]
Event: 3680.073 Thread 0x00000245030a1000 Exception <a 'java/lang/NoSuchMethodError'{0x0000000092ae6cd0}: 'void java.lang.invoke.DirectMethodHandle$Holder.invokeVirtual(java.lang.Object, java.lang.Object, int)'> (0x0000000092ae6cd0) thrown at [./src/hotspot/share/interpreter/linkResolver.cpp, line 773]
Event: 3680.231 Thread 0x00000245030a0800 Exception <a 'sun/nio/fs/WindowsException'{0x000000009282a440}> (0x000000009282a440) thrown at [./src/hotspot/share/prims/jni.cpp, line 615]
Event: 3680.406 Thread 0x00000245030a1000 Exception <a 'sun/nio/fs/WindowsException'{0x000000009250ff18}> (0x000000009250ff18) thrown at [./src/hotspot/share/prims/jni.cpp, line 615]
Event: 3680.903 Thread 0x00000245030a0800 Exception <a 'sun/nio/fs/WindowsException'{0x000000009250c5c0}> (0x000000009250c5c0) thrown at [./src/hotspot/share/prims/jni.cpp, line 615]
Event: 3680.956 Thread 0x00000245030a1000 Exception <a 'sun/nio/fs/WindowsException'{0x0000000092518ca0}> (0x0000000092518ca0) thrown at [./src/hotspot/share/prims/jni.cpp, line 615]
Event: 3682.576 Thread 0x00000245030a5000 Exception <a 'java/lang/NoSuchMethodError'{0x00000000914ddd30}: <clinit>> (0x00000000914ddd30) thrown at [./src/hotspot/share/prims/jni.cpp, line 1362]
Event: 3684.346 Thread 0x00000245030a7000 Exception <a 'sun/nio/fs/WindowsException'{0x00000000929bf6f8}> (0x00000000929bf6f8) thrown at [./src/hotspot/share/prims/jni.cpp, line 615]

Events (20 events):
Event: 3689.524 loading class java/util/AbstractList$SubList
Event: 3689.525 loading class java/util/AbstractList$SubList done
Event: 3689.525 loading class java/util/AbstractList$RandomAccessSubList done
Event: 3689.525 loading class java/util/AbstractList$SubList$1
Event: 3689.528 loading class java/util/AbstractList$SubList$1 done
Event: 3689.531 loading class com/android/tools/r8/w/a/a/a/f/r
Event: 3689.531 loading class com/android/tools/r8/w/a/a/a/f/r done
Event: 3689.533 loading class com/android/tools/r8/w/a/a/a/f/b
Event: 3689.533 loading class com/android/tools/r8/w/a/a/a/f/b done
Event: 3689.543 loading class com/android/tools/r8/graph/O$b$a
Event: 3689.543 loading class com/android/tools/r8/graph/O$b$a done
Event: 3689.605 loading class com/android/tools/r8/graph/S$e
Event: 3689.605 loading class com/android/tools/r8/graph/S$e done
Event: 3689.606 loading class com/android/tools/r8/graph/S$e
Event: 3689.606 loading class com/android/tools/r8/graph/S$e done
Event: 3689.611 Executing VM operation: RevokeBias
Event: 3689.612 Executing VM operation: RevokeBias done
Event: 3692.420 Executing VM operation: G1CollectForAllocation
Event: 3693.114 Executing VM operation: G1CollectForAllocation done
Event: 3693.293 Executing VM operation: G1CollectForAllocation


Dynamic libraries:
0x00007ff78f4f0000 - 0x00007ff78f4fa000 	C:\Program Files\Android\Android Studio1\jre\bin\java.exe
0x00007ff972530000 - 0x00007ff972725000 	C:\Windows\SYSTEM32\ntdll.dll
0x00007ff970930000 - 0x00007ff9709ee000 	C:\Windows\System32\KERNEL32.DLL
0x00007ff96ff10000 - 0x00007ff9701d8000 	C:\Windows\System32\KERNELBASE.dll
0x00007ff9703d0000 - 0x00007ff9704d0000 	C:\Windows\System32\ucrtbase.dll
0x00007ff9685c0000 - 0x00007ff9685d7000 	C:\Program Files\Android\Android Studio1\jre\bin\VCRUNTIME140.dll
0x00007ff9685a0000 - 0x00007ff9685b9000 	C:\Program Files\Android\Android Studio1\jre\bin\jli.dll
0x00007ff970690000 - 0x00007ff970831000 	C:\Windows\System32\USER32.dll
0x00007ff96fc40000 - 0x00007ff96fc62000 	C:\Windows\System32\win32u.dll
0x00007ff970ab0000 - 0x00007ff970adb000 	C:\Windows\System32\GDI32.dll
0x00007ff96fe00000 - 0x00007ff96ff0d000 	C:\Windows\System32\gdi32full.dll
0x00007ff9704d0000 - 0x00007ff97056d000 	C:\Windows\System32\msvcp_win.dll
0x00007ff960570000 - 0x00007ff96080a000 	C:\Windows\WinSxS\amd64_microsoft.windows.common-controls_6595b64144ccf1df_6.0.19041.1110_none_60b5254171f9507e\COMCTL32.dll
0x00007ff9717d0000 - 0x00007ff97186e000 	C:\Windows\System32\msvcrt.dll
0x00007ff970570000 - 0x00007ff9705a0000 	C:\Windows\System32\IMM32.DLL
0x00007ff93deb0000 - 0x00007ff93df4d000 	C:\Program Files\Android\Android Studio1\jre\bin\msvcp140.dll
0x00007ff9233b0000 - 0x00007ff923e6c000 	C:\Program Files\Android\Android Studio1\jre\bin\server\jvm.dll
0x00007ff9722c0000 - 0x00007ff97236c000 	C:\Windows\System32\ADVAPI32.dll
0x00007ff9709f0000 - 0x00007ff970a8b000 	C:\Windows\System32\sechost.dll
0x00007ff971d10000 - 0x00007ff971e3a000 	C:\Windows\System32\RPCRT4.dll
0x00007ff970ae0000 - 0x00007ff970ae8000 	C:\Windows\System32\PSAPI.DLL
0x00007ff969a00000 - 0x00007ff969a0a000 	C:\Windows\SYSTEM32\VERSION.dll
0x00007ff95aca0000 - 0x00007ff95aca9000 	C:\Windows\SYSTEM32\WSOCK32.dll
0x00007ff95f860000 - 0x00007ff95f887000 	C:\Windows\SYSTEM32\WINMM.dll
0x00007ff971760000 - 0x00007ff9717cb000 	C:\Windows\System32\WS2_32.dll
0x00007ff96e4c0000 - 0x00007ff96e4d2000 	C:\Windows\SYSTEM32\kernel.appcore.dll
0x00007ff96ae70000 - 0x00007ff96ae81000 	C:\Program Files\Android\Android Studio1\jre\bin\verify.dll
0x00007ff96e1d0000 - 0x00007ff96e3b4000 	C:\Windows\SYSTEM32\DBGHELP.DLL
0x00007ff95dfe0000 - 0x00007ff95e00c000 	C:\Windows\SYSTEM32\dbgcore.DLL
0x00007ff9701e0000 - 0x00007ff970262000 	C:\Windows\System32\bcryptPrimitives.dll
0x00007ff96a090000 - 0x00007ff96a0b9000 	C:\Program Files\Android\Android Studio1\jre\bin\java.dll
0x00007ff96a060000 - 0x00007ff96a06b000 	C:\Program Files\Android\Android Studio1\jre\bin\jimage.dll
0x00007ff969940000 - 0x00007ff969958000 	C:\Program Files\Android\Android Studio1\jre\bin\zip.dll
0x00007ff971010000 - 0x00007ff971754000 	C:\Windows\System32\SHELL32.dll
0x00007ff96d960000 - 0x00007ff96e0f4000 	C:\Windows\SYSTEM32\windows.storage.dll
0x00007ff970ca0000 - 0x00007ff970ff5000 	C:\Windows\System32\combase.dll
0x00007ff96f5c0000 - 0x00007ff96f5ee000 	C:\Windows\SYSTEM32\Wldp.dll
0x00007ff971be0000 - 0x00007ff971c8d000 	C:\Windows\System32\SHCORE.dll
0x00007ff972370000 - 0x00007ff9723c5000 	C:\Windows\System32\shlwapi.dll
0x00007ff96fb80000 - 0x00007ff96fb9f000 	C:\Windows\SYSTEM32\profapi.dll
0x00007ff969630000 - 0x00007ff96964a000 	C:\Program Files\Android\Android Studio1\jre\bin\net.dll
0x00007ff960ad0000 - 0x00007ff960bdc000 	C:\Windows\SYSTEM32\WINHTTP.dll
0x00007ff96f320000 - 0x00007ff96f38a000 	C:\Windows\system32\mswsock.dll
0x00007ff969610000 - 0x00007ff969624000 	C:\Program Files\Android\Android Studio1\jre\bin\nio.dll
0x00007ff957f30000 - 0x00007ff957f57000 	C:\Users\VuThiLanh\.gradle\native\fdc75f09e3144964f2cf3f50f0aa648679c211496f362492102eb8c894070792\windows-amd64\native-platform.dll
0x00007ff93b0c0000 - 0x00007ff93b256000 	C:\Users\VuThiLanh\.gradle\native\12488b8bf47d2d4c9fbf2f6322a914ad602e24e48041cd04a747c6da556b65c4\windows-amd64\native-platform-file-events.dll
0x00007ff96cb80000 - 0x00007ff96cb8a000 	C:\Program Files\Android\Android Studio1\jre\bin\management.dll
0x00007ff96ad70000 - 0x00007ff96ad7c000 	C:\Program Files\Android\Android Studio1\jre\bin\management_ext.dll
0x00007ff96f510000 - 0x00007ff96f528000 	C:\Windows\SYSTEM32\CRYPTSP.dll
0x00007ff96eca0000 - 0x00007ff96ecd4000 	C:\Windows\system32\rsaenh.dll
0x00007ff96fd20000 - 0x00007ff96fd47000 	C:\Windows\System32\bcrypt.dll
0x00007ff96fb40000 - 0x00007ff96fb6e000 	C:\Windows\SYSTEM32\USERENV.dll
0x00007ff96f530000 - 0x00007ff96f53c000 	C:\Windows\SYSTEM32\CRYPTBASE.dll
0x00007ff96f010000 - 0x00007ff96f04b000 	C:\Windows\SYSTEM32\IPHLPAPI.DLL
0x00007ff970680000 - 0x00007ff970688000 	C:\Windows\System32\NSI.dll
0x00007ff966600000 - 0x00007ff966617000 	C:\Windows\SYSTEM32\dhcpcsvc6.DLL
0x00007ff9674a0000 - 0x00007ff9674bd000 	C:\Windows\SYSTEM32\dhcpcsvc.DLL
0x00007ff96f050000 - 0x00007ff96f11b000 	C:\Windows\SYSTEM32\DNSAPI.dll
0x00007ff967870000 - 0x00007ff96787b000 	C:\Windows\SYSTEM32\WINNSI.DLL
0x00007ff9695e0000 - 0x00007ff969607000 	C:\Program Files\Android\Android Studio1\jre\bin\sunec.dll
0x00007ff9604c0000 - 0x00007ff9604ca000 	C:\Windows\System32\rasadhlp.dll
0x00007ff960810000 - 0x00007ff96088f000 	C:\Windows\System32\fwpuclnt.dll

dbghelp: loaded successfully - version: 4.0.5 - missing functions: none
symbol engine: initialized successfully - sym options: 0x614 - pdb path: .;C:\Program Files\Android\Android Studio1\jre\bin;C:\Windows\SYSTEM32;C:\Windows\WinSxS\amd64_microsoft.windows.common-controls_6595b64144ccf1df_6.0.19041.1110_none_60b5254171f9507e;C:\Program Files\Android\Android Studio1\jre\bin\server;C:\Users\VuThiLanh\.gradle\native\fdc75f09e3144964f2cf3f50f0aa648679c211496f362492102eb8c894070792\windows-amd64;C:\Users\VuThiLanh\.gradle\native\12488b8bf47d2d4c9fbf2f6322a914ad602e24e48041cd04a747c6da556b65c4\windows-amd64

VM Arguments:
jvm_args: --add-opens=java.base/java.util=ALL-UNNAMED --add-opens=java.base/java.lang=ALL-UNNAMED --add-opens=java.base/java.lang.invoke=ALL-UNNAMED --add-opens=java.prefs/java.util.prefs=ALL-UNNAMED -Xmx2048m -Dfile.encoding=UTF-8 -Duser.country=US -Duser.language=en -Duser.variant 
java_command: org.gradle.launcher.daemon.bootstrap.GradleDaemon 6.7.1
java_class_path (initial): C:\Users\VuThiLanh\.gradle\wrapper\dists\gradle-6.7.1-bin\bwlcbys1h7rz3272sye1xwiv6\gradle-6.7.1\lib\gradle-launcher-6.7.1.jar
Launcher Type: SUN_STANDARD

[Global flags]
     intx CICompilerCount                          = 3                                         {product} {ergonomic}
     uint ConcGCThreads                            = 1                                         {product} {ergonomic}
     uint G1ConcRefinementThreads                  = 4                                         {product} {ergonomic}
   size_t G1HeapRegionSize                         = 1048576                                   {product} {ergonomic}
    uintx GCDrainStackTargetSize                   = 64                                        {product} {ergonomic}
   size_t InitialHeapSize                          = 65011712                                  {product} {ergonomic}
   size_t MarkStackSize                            = 4194304                                   {product} {ergonomic}
   size_t MaxHeapSize                              = 2147483648                                {product} {command line}
   size_t MaxNewSize                               = 1287651328                                {product} {ergonomic}
   size_t MinHeapDeltaBytes                        = 1048576                                   {product} {ergonomic}
    uintx NonNMethodCodeHeapSize                   = 5830732                                {pd product} {ergonomic}
    uintx NonProfiledCodeHeapSize                  = 122913754                              {pd product} {ergonomic}
    uintx ProfiledCodeHeapSize                     = 122913754                              {pd product} {ergonomic}
    uintx ReservedCodeCacheSize                    = 251658240                              {pd product} {ergonomic}
     bool SegmentedCodeCache                       = true                                      {product} {ergonomic}
     bool UseCompressedClassPointers               = true                                 {lp64_product} {ergonomic}
     bool UseCompressedOops                        = true                                 {lp64_product} {ergonomic}
     bool UseG1GC                                  = true                                      {product} {ergonomic}
     bool UseLargePagesIndividualAllocation        = false                                  {pd product} {ergonomic}

Logging:
Log output configuration:
 #0: stdout all=warning uptime,level,tags
 #1: stderr all=off uptime,level,tags

Environment Variables:
PATH=C:\Program Files\Common Files\Oracle\Java\javapath;C:\Windows\system32;C:\Windows;C:\Windows\System32\Wbem;C:\Windows\System32\WindowsPowerShell\v1.0\;C:\Windows\System32\OpenSSH\;C:\Program Files\Microsoft SQL Server\Client SDK\ODBC\170\Tools\Binn\;C:\Program Files (x86)\Microsoft SQL Server\150\Tools\Binn\;C:\Program Files\Microsoft SQL Server\150\Tools\Binn\;C:\Program Files\Microsoft SQL Server\150\DTS\Binn\;C:\Program Files (x86)\Microsoft SQL Server\150\DTS\Binn\;C:\Program Files\Azure Data Studio\bin;C:\Program Files\Microsoft SQL Server\130\Tools\Binn\;C:\Program Files\Git\cmd;C:\Program Files (x86)\Rational\common;C:\Program Files\dotnet\;C:\Users\VuThiLanh\AppData\Local\Microsoft\WindowsApps;C:\Program Files\Azure Data Studio\bin;C:\Users\VuThiLanh\.dotnet\tools;C:\Users\VuThiLanh\AppData\Local\GitHubDesktop\bin
USERNAME=VuThiLanh
OS=Windows_NT
PROCESSOR_IDENTIFIER=Intel64 Family 6 Model 142 Stepping 9, GenuineIntel



---------------  S Y S T E M  ---------------

OS: Windows 10 , 64 bit Build 19041 (10.0.19041.1348)
OS uptime: 0 days 14:48 hours

CPU:total 4 (initial active 4) (2 cores per cpu, 2 threads per core) family 6 model 142 stepping 9, cmov, cx8, fxsr, mmx, sse, sse2, sse3, ssse3, sse4.1, sse4.2, popcnt, avx, avx2, aes, clmul, erms, 3dnowpref, lzcnt, ht, tsc, tscinvbit, bmi1, bmi2, adx, fma

Memory: 4k page, system-wide physical 3961M (187M free)
TotalPageFile size 12057M (AvailPageFile size 59M)
current process WorkingSet (physical memory assigned to process): 197M, peak: 293M
current process commit charge ("private bytes"): 658M, peak: 835M

vm_info: OpenJDK 64-Bit Server VM (11.0.8+10-b944.6842174) for windows-amd64 JRE (11.0.8+10-b944.6842174), built on Sep 19 2020 01:11:42 by "builder" with MS VC++ 14.0 (VS2015)

END.
